#
# There is insufficient memory for the Java Runtime Environment to continue.
# Native memory allocation (mmap) failed to map 322961408 bytes for G1 virtual space
# Possible reasons:
#   The system is out of physical RAM or swap space
#   The process is running with CompressedOops enabled, and the Java Heap may be blocking the growth of the native heap
# Possible solutions:
#   Reduce memory load on the system
#   Increase physical memory or swap space
#   Check if swap backing store is full
#   Decrease Java heap size (-Xmx/-Xms)
#   Decrease number of Java threads
#   Decrease Java thread stack sizes (-Xss)
#   Set larger code cache with -XX:ReservedCodeCacheSize=
#   JVM is running with Unscaled Compressed Oops mode in which the Java heap is
#     placed in the first 4GB address space. The Java Heap base address is the
#     maximum limit for the native heap growth. Please use -XX:HeapBaseMinAddress
#     to set the Java Heap base and to place the Java Heap above 4GB virtual address.
# This output file may be truncated or incomplete.
#
#  Out of Memory Error (os_windows.cpp:3557), pid=6096, tid=5504
#
# JRE version: OpenJDK Runtime Environment Temurin-17.0.6+10 (17.0.6+10) (build 17.0.6+10)
# Java VM: OpenJDK 64-Bit Server VM Temurin-17.0.6+10 (17.0.6+10, mixed mode, emulated-client, tiered, compressed oops, compressed class ptrs, g1 gc, windows-amd64)
# No core dump will be written. Minidumps are not enabled by default on client versions of Windows
#

---------------  S U M M A R Y ------------

Command Line: -XX:+HeapDumpOnOutOfMemoryError -Xmx1024m -Dsts.lsp.client=vscode -Dsts.log.file=/dev/null -XX:TieredStopAtLevel=1 -Xlog:jni+resolve=off -Dspring.config.location=file:c:\Users\xavie\.vscode\extensions\vmware.vscode-spring-boot-1.44.0\language-server\BOOT-INF\classes\application.properties org.springframework.ide.vscode.boot.app.BootLanguageServerBootApp

Host: AMD Ryzen 3 3200G with Radeon Vega Graphics    , 4 cores, 5G,  Windows 10 , 64 bit Build 19041 (10.0.19041.2546)
Time: Mon Mar  6 14:46:06 2023 Hora estándar romance elapsed time: 10375.252125 seconds (0d 2h 52m 55s)

---------------  T H R E A D  ---------------

Current thread (0x000001c52b057cb0):  VMThread "VM Thread" [stack: 0x000000a4ea400000,0x000000a4ea500000] [id=5504]

Stack: [0x000000a4ea400000,0x000000a4ea500000]
Native frames: (J=compiled Java code, j=interpreted, Vv=VM code, C=native code)
V  [jvm.dll+0x67741a]
V  [jvm.dll+0x834434]
V  [jvm.dll+0x835bde]
V  [jvm.dll+0x836243]
V  [jvm.dll+0x2457b5]
V  [jvm.dll+0x674329]
V  [jvm.dll+0x6689da]
V  [jvm.dll+0x30489b]
V  [jvm.dll+0x30bd96]
V  [jvm.dll+0x35b57e]
V  [jvm.dll+0x35b7af]
V  [jvm.dll+0x2db778]
V  [jvm.dll+0x2d9a2c]
V  [jvm.dll+0x2d8ffc]
V  [jvm.dll+0x31cdcb]
V  [jvm.dll+0x83a6eb]
V  [jvm.dll+0x83b424]
V  [jvm.dll+0x83b93c]
V  [jvm.dll+0x83bd14]
V  [jvm.dll+0x83bde0]
V  [jvm.dll+0x7e483a]
V  [jvm.dll+0x6762c5]
C  [ucrtbase.dll+0x21bb2]
C  [KERNEL32.DLL+0x17614]
C  [ntdll.dll+0x526a1]

VM_Operation (0x000000a4ec6fde30): G1CollectForAllocation, mode: safepoint, requested by thread 0x000001c52d3388c0


---------------  P R O C E S S  ---------------

Threads class SMR info:
_java_thread_list=0x000001c52d3c6230, length=35, elements={
0x000001c52b0a8b50, 0x000001c52b0a99c0, 0x000001c52b0d6810, 0x000001c52b0d9490,
0x000001c52b0dae50, 0x000001c52b0db800, 0x000001c52b0dc260, 0x000001c52b0dcc50,
0x000001c52bdc7a50, 0x000001c52bdcc770, 0x000001c52d0caba0, 0x000001c52d06d830,
0x000001c52cf455b0, 0x000001c52c743900, 0x000001c520b63460, 0x000001c52cbf2650,
0x000001c52c5642b0, 0x000001c52c564780, 0x000001c52d334a30, 0x000001c52d333bc0,
0x000001c52d332880, 0x000001c52d332d50, 0x000001c52d335d70, 0x000001c52d331ee0,
0x000001c52d337580, 0x000001c52d336710, 0x000001c52d336240, 0x000001c52d334f00,
0x000001c52d334090, 0x000001c52d333220, 0x000001c52d3383f0, 0x000001c52d334560,
0x000001c52d337a50, 0x000001c52d337f20, 0x000001c52d3388c0
}

Java Threads: ( => current thread )
  0x000001c52b0a8b50 JavaThread "Reference Handler" daemon [_thread_blocked, id=16420, stack(0x000000a4ea500000,0x000000a4ea600000)]
  0x000001c52b0a99c0 JavaThread "Finalizer" daemon [_thread_blocked, id=13588, stack(0x000000a4ea600000,0x000000a4ea700000)]
  0x000001c52b0d6810 JavaThread "Signal Dispatcher" daemon [_thread_blocked, id=14880, stack(0x000000a4ea700000,0x000000a4ea800000)]
  0x000001c52b0d9490 JavaThread "Attach Listener" daemon [_thread_blocked, id=17312, stack(0x000000a4ea800000,0x000000a4ea900000)]
  0x000001c52b0dae50 JavaThread "Service Thread" daemon [_thread_blocked, id=12436, stack(0x000000a4ea900000,0x000000a4eaa00000)]
  0x000001c52b0db800 JavaThread "Monitor Deflation Thread" daemon [_thread_blocked, id=18368, stack(0x000000a4eaa00000,0x000000a4eab00000)]
  0x000001c52b0dc260 JavaThread "C1 CompilerThread0" daemon [_thread_blocked, id=5400, stack(0x000000a4eab00000,0x000000a4eac00000)]
  0x000001c52b0dcc50 JavaThread "Sweeper thread" daemon [_thread_blocked, id=10480, stack(0x000000a4eac00000,0x000000a4ead00000)]
  0x000001c52bdc7a50 JavaThread "Notification Thread" daemon [_thread_blocked, id=4292, stack(0x000000a4ead00000,0x000000a4eae00000)]
  0x000001c52bdcc770 JavaThread "Common-Cleaner" daemon [_thread_blocked, id=4880, stack(0x000000a4eaf00000,0x000000a4eb000000)]
  0x000001c52d0caba0 JavaThread "boundedElastic-evictor-1" daemon [_thread_blocked, id=7076, stack(0x000000a4eb400000,0x000000a4eb500000)]
  0x000001c52d06d830 JavaThread "boundedElastic-evictor-2" daemon [_thread_blocked, id=13900, stack(0x000000a4eb600000,0x000000a4eb700000)]
  0x000001c52cf455b0 JavaThread "pool-10-thread-1" [_thread_blocked, id=9536, stack(0x000000a4eb700000,0x000000a4eb800000)]
  0x000001c52c743900 JavaThread "LanguageServerApp-lifecycle" [_thread_blocked, id=17360, stack(0x000000a4eb800000,0x000000a4eb900000)]
  0x000001c520b63460 JavaThread "DestroyJavaVM" [_thread_blocked, id=12952, stack(0x000000a4e9e00000,0x000000a4e9f00000)]
  0x000001c52cbf2650 JavaThread "pool-11-thread-1" [_thread_blocked, id=12680, stack(0x000000a4eb900000,0x000000a4eba00000)]
  0x000001c52c5642b0 JavaThread "Simple-Language-Server main thread" daemon [_thread_blocked, id=11468, stack(0x000000a4eba00000,0x000000a4ebb00000)]
  0x000001c52c564780 JavaThread "pool-6-thread-1" [_thread_blocked, id=480, stack(0x000000a4ebb00000,0x000000a4ebc00000)]
  0x000001c52d334a30 JavaThread "parallel-1" daemon [_thread_blocked, id=16184, stack(0x000000a4ec500000,0x000000a4ec600000)]
  0x000001c52d333bc0 JavaThread "pool-4-thread-1" [_thread_blocked, id=11136, stack(0x000000a4eca00000,0x000000a4ecb00000)]
  0x000001c52d332880 JavaThread "parallel-2" daemon [_thread_blocked, id=11332, stack(0x000000a4ecb00000,0x000000a4ecc00000)]
  0x000001c52d332d50 JavaThread "parallel-3" daemon [_thread_blocked, id=6884, stack(0x000000a4ecd00000,0x000000a4ece00000)]
  0x000001c52d335d70 JavaThread "parallel-4" daemon [_thread_blocked, id=16064, stack(0x000000a4ebd00000,0x000000a4ebe00000)]
  0x000001c52d331ee0 JavaThread "Reconciler-1" daemon [_thread_blocked, id=16152, stack(0x000000a4ebe00000,0x000000a4ebf00000)]
  0x000001c52d337580 JavaThread "ForkJoinPool.commonPool-worker-8" daemon [_thread_blocked, id=16412, stack(0x000000a4e9d00000,0x000000a4e9e00000)]
  0x000001c52d336710 JavaThread "ForkJoinPool-1-worker-11" daemon [_thread_blocked, id=11908, stack(0x000000a4eb500000,0x000000a4eb600000)]
  0x000001c52d336240 JavaThread "ForkJoinPool-1-worker-13" daemon [_thread_blocked, id=9264, stack(0x000000a4ebf00000,0x000000a4ec000000)]
  0x000001c52d334f00 JavaThread "ForkJoinPool.commonPool-worker-9" daemon [_thread_blocked, id=17752, stack(0x000000a4ec200000,0x000000a4ec300000)]
  0x000001c52d334090 JavaThread "pool-3-thread-13" [_thread_blocked, id=11204, stack(0x000000a4e9c00000,0x000000a4e9d00000)]
  0x000001c52d333220 JavaThread "pool-3-thread-14" [_thread_blocked, id=9140, stack(0x000000a4eb000000,0x000000a4eb100000)]
  0x000001c52d3383f0 JavaThread "ForkJoinPool.commonPool-worker-11" daemon [_thread_blocked, id=10996, stack(0x000000a4ec000000,0x000000a4ec100000)]
  0x000001c52d334560 JavaThread "pool-3-thread-16" [_thread_blocked, id=6552, stack(0x000000a4ebc00000,0x000000a4ebd00000)]
  0x000001c52d337a50 JavaThread "pool-3-thread-17" [_thread_blocked, id=11172, stack(0x000000a4ec300000,0x000000a4ec400000)]
  0x000001c52d337f20 JavaThread "pool-3-thread-18" [_thread_blocked, id=13820, stack(0x000000a4ec400000,0x000000a4ec500000)]
  0x000001c52d3388c0 JavaThread "pool-3-thread-19" [_thread_blocked, id=17100, stack(0x000000a4ec600000,0x000000a4ec700000)]

Other Threads:
=>0x000001c52b057cb0 VMThread "VM Thread" [stack: 0x000000a4ea400000,0x000000a4ea500000] [id=5504]
  0x000001c52bdcc330 WatcherThread [stack: 0x000000a4eae00000,0x000000a4eaf00000] [id=19448]
  0x000001c520ba2f90 GCTaskThread "GC Thread#0" [stack: 0x000000a4e9f00000,0x000000a4ea000000] [id=3264]
  0x000001c52c492840 GCTaskThread "GC Thread#1" [stack: 0x000000a4eb100000,0x000000a4eb200000] [id=9280]
  0x000001c52c5c2de0 GCTaskThread "GC Thread#2" [stack: 0x000000a4eb200000,0x000000a4eb300000] [id=5156]
  0x000001c52c7efa80 GCTaskThread "GC Thread#3" [stack: 0x000000a4eb300000,0x000000a4eb400000] [id=17792]
  0x000001c520babed0 ConcurrentGCThread "G1 Main Marker" [stack: 0x000000a4ea000000,0x000000a4ea100000] [id=13788]
  0x000001c520bac8e0 ConcurrentGCThread "G1 Conc#0" [stack: 0x000000a4ea100000,0x000000a4ea200000] [id=6256]
  0x000001c520c0cf70 ConcurrentGCThread "G1 Refine#0" [stack: 0x000000a4ea200000,0x000000a4ea300000] [id=8312]
  0x000001c52d416050 ConcurrentGCThread "G1 Refine#1" [stack: 0x000000a4ec900000,0x000000a4eca00000] [id=8956]
  0x000001c52f978c20 ConcurrentGCThread "G1 Refine#2" [stack: 0x000000a4ecc00000,0x000000a4ecd00000] [id=10584]
  0x000001c52f9c4790 ConcurrentGCThread "G1 Refine#3" [stack: 0x000000a4ed000000,0x000000a4ed100000] [id=8960]
  0x000001c520c0d990 ConcurrentGCThread "G1 Service" [stack: 0x000000a4ea300000,0x000000a4ea400000] [id=5008]

Threads with active compile tasks:

VM state: at safepoint (normal execution)

VM Mutex/Monitor currently owned by a thread:  ([mutex/lock_event])
[0x000001c51eac9bf0] Threads_lock - owner thread: 0x000001c52b057cb0
[0x000001c520b61030] Heap_lock - owner thread: 0x000001c52d3388c0

Heap address: 0x00000000c0000000, size: 1024 MB, Compressed Oops mode: 32-bit

CDS archive(s) not mapped
Compressed class space mapped at: 0x0000000100000000-0x0000000140000000, reserved size: 1073741824
Narrow klass base: 0x0000000000000000, Narrow klass shift: 3, Narrow klass range: 0x140000000

GC Precious Log:
 CPUs: 4 total, 4 available
 Memory: 6069M
 Large Page Support: Disabled
 NUMA Support: Disabled
 Compressed Oops: Enabled (32-bit)
 Heap Region Size: 1M
 Heap Min Capacity: 8M
 Heap Initial Capacity: 96M
 Heap Max Capacity: 1G
 Pre-touch: Disabled
 Parallel Workers: 4
 Concurrent Workers: 1
 Concurrent Refinement Workers: 4
 Periodic GC: Disabled

Heap:
 garbage-first heap   total 260096K, used 86579K [0x00000000c0000000, 0x0000000100000000)
  region size 1024K, 2 young (2048K), 2 survivors (2048K)
 Metaspace       used 69882K, committed 70464K, reserved 1114112K
  class space    used 9530K, committed 9792K, reserved 1048576K

Heap Regions: E=young(eden), S=young(survivor), O=old, HS=humongous(starts), HC=humongous(continues), CS=collection set, F=free, OA=open archive, CA=closed archive, TAMS=top-at-mark-start (previous, next)
|   0|0x00000000c0000000, 0x00000000c00fffc0, 0x00000000c0100000| 99%| O|  |TAMS 0x00000000c00fffc0, 0x00000000c0000000| Untracked 
|   1|0x00000000c0100000, 0x00000000c0200000, 0x00000000c0200000|100%| O|  |TAMS 0x00000000c0200000, 0x00000000c0100000| Untracked 
|   2|0x00000000c0200000, 0x00000000c0300000, 0x00000000c0300000|100%| O|  |TAMS 0x00000000c0300000, 0x00000000c0200000| Untracked 
|   3|0x00000000c0300000, 0x00000000c0400000, 0x00000000c0400000|100%| O|  |TAMS 0x00000000c0400000, 0x00000000c0300000| Untracked 
|   4|0x00000000c0400000, 0x00000000c04fffd0, 0x00000000c0500000| 99%| O|  |TAMS 0x00000000c04fffd0, 0x00000000c0400000| Untracked 
|   5|0x00000000c0500000, 0x00000000c0600000, 0x00000000c0600000|100%| O|  |TAMS 0x00000000c0600000, 0x00000000c0500000| Untracked 
|   6|0x00000000c0600000, 0x00000000c06fffc0, 0x00000000c0700000| 99%| O|  |TAMS 0x00000000c06fffc0, 0x00000000c0600000| Untracked 
|   7|0x00000000c0700000, 0x00000000c07fffe0, 0x00000000c0800000| 99%| O|  |TAMS 0x00000000c07fffe0, 0x00000000c0700000| Untracked 
|   8|0x00000000c0800000, 0x00000000c08ffff0, 0x00000000c0900000| 99%| O|  |TAMS 0x00000000c08ffff0, 0x00000000c0800000| Untracked 
|   9|0x00000000c0900000, 0x00000000c09fe7d0, 0x00000000c0a00000| 99%| O|  |TAMS 0x00000000c09fe7d0, 0x00000000c0900000| Untracked 
|  10|0x00000000c0a00000, 0x00000000c0afffb8, 0x00000000c0b00000| 99%| O|  |TAMS 0x00000000c0afffb8, 0x00000000c0a00000| Untracked 
|  11|0x00000000c0b00000, 0x00000000c0bffff8, 0x00000000c0c00000| 99%| O|  |TAMS 0x00000000c0bffff8, 0x00000000c0b00000| Untracked 
|  12|0x00000000c0c00000, 0x00000000c0cfffd8, 0x00000000c0d00000| 99%| O|  |TAMS 0x00000000c0cfffd8, 0x00000000c0c00000| Untracked 
|  13|0x00000000c0d00000, 0x00000000c0dfffd0, 0x00000000c0e00000| 99%| O|  |TAMS 0x00000000c0dfffd0, 0x00000000c0d00000| Untracked 
|  14|0x00000000c0e00000, 0x00000000c0efffb0, 0x00000000c0f00000| 99%| O|  |TAMS 0x00000000c0efffb0, 0x00000000c0e00000| Untracked 
|  15|0x00000000c0f00000, 0x00000000c0ffffe8, 0x00000000c1000000| 99%| O|  |TAMS 0x00000000c0ffffe8, 0x00000000c0f00000| Untracked 
|  16|0x00000000c1000000, 0x00000000c10fffe8, 0x00000000c1100000| 99%| O|  |TAMS 0x00000000c10fffe8, 0x00000000c1000000| Untracked 
|  17|0x00000000c1100000, 0x00000000c11fffd0, 0x00000000c1200000| 99%| O|  |TAMS 0x00000000c11fffd0, 0x00000000c1100000| Untracked 
|  18|0x00000000c1200000, 0x00000000c12fffc8, 0x00000000c1300000| 99%| O|  |TAMS 0x00000000c12fffc8, 0x00000000c1200000| Untracked 
|  19|0x00000000c1300000, 0x00000000c13fffe8, 0x00000000c1400000| 99%| O|  |TAMS 0x00000000c13fffe8, 0x00000000c1300000| Untracked 
|  20|0x00000000c1400000, 0x00000000c14fffe8, 0x00000000c1500000| 99%| O|  |TAMS 0x00000000c14fffe8, 0x00000000c1400000| Untracked 
|  21|0x00000000c1500000, 0x00000000c15ffff8, 0x00000000c1600000| 99%| O|  |TAMS 0x00000000c15ffff8, 0x00000000c1500000| Untracked 
|  22|0x00000000c1600000, 0x00000000c16fffc8, 0x00000000c1700000| 99%| O|  |TAMS 0x00000000c16fffc8, 0x00000000c1600000| Untracked 
|  23|0x00000000c1700000, 0x00000000c1800000, 0x00000000c1800000|100%| O|  |TAMS 0x00000000c1800000, 0x00000000c1700000| Untracked 
|  24|0x00000000c1800000, 0x00000000c18fffe0, 0x00000000c1900000| 99%| O|  |TAMS 0x00000000c18fffe0, 0x00000000c1800000| Untracked 
|  25|0x00000000c1900000, 0x00000000c19fffc0, 0x00000000c1a00000| 99%| O|  |TAMS 0x00000000c19fffc0, 0x00000000c1900000| Untracked 
|  26|0x00000000c1a00000, 0x00000000c1b00000, 0x00000000c1b00000|100%| O|  |TAMS 0x00000000c1b00000, 0x00000000c1a00000| Untracked 
|  27|0x00000000c1b00000, 0x00000000c1bffff8, 0x00000000c1c00000| 99%| O|  |TAMS 0x00000000c1bffff8, 0x00000000c1b00000| Untracked 
|  28|0x00000000c1c00000, 0x00000000c1cffff0, 0x00000000c1d00000| 99%| O|  |TAMS 0x00000000c1cffff0, 0x00000000c1c00000| Untracked 
|  29|0x00000000c1d00000, 0x00000000c1dfffc8, 0x00000000c1e00000| 99%| O|  |TAMS 0x00000000c1dfffc8, 0x00000000c1d00000| Untracked 
|  30|0x00000000c1e00000, 0x00000000c1efffe0, 0x00000000c1f00000| 99%| O|  |TAMS 0x00000000c1efffe0, 0x00000000c1e00000| Untracked 
|  31|0x00000000c1f00000, 0x00000000c1ffffe8, 0x00000000c2000000| 99%| O|  |TAMS 0x00000000c1ffffe8, 0x00000000c1f00000| Untracked 
|  32|0x00000000c2000000, 0x00000000c20fffa0, 0x00000000c2100000| 99%| O|  |TAMS 0x00000000c20fffa0, 0x00000000c2000000| Untracked 
|  33|0x00000000c2100000, 0x00000000c21fffc0, 0x00000000c2200000| 99%| O|  |TAMS 0x00000000c21fffc0, 0x00000000c2100000| Untracked 
|  34|0x00000000c2200000, 0x00000000c22fbe20, 0x00000000c2300000| 98%| O|  |TAMS 0x00000000c22fbe20, 0x00000000c2200000| Untracked 
|  35|0x00000000c2300000, 0x00000000c23ffff0, 0x00000000c2400000| 99%| O|  |TAMS 0x00000000c23ffff0, 0x00000000c2300000| Untracked 
|  36|0x00000000c2400000, 0x00000000c24fca98, 0x00000000c2500000| 98%| O|  |TAMS 0x00000000c24fca98, 0x00000000c2400000| Untracked 
|  37|0x00000000c2500000, 0x00000000c25ffff0, 0x00000000c2600000| 99%| O|  |TAMS 0x00000000c25ffff0, 0x00000000c2500000| Untracked 
|  38|0x00000000c2600000, 0x00000000c26ffff8, 0x00000000c2700000| 99%| O|  |TAMS 0x00000000c26ffff8, 0x00000000c2600000| Untracked 
|  39|0x00000000c2700000, 0x00000000c2800000, 0x00000000c2800000|100%| O|  |TAMS 0x00000000c2800000, 0x00000000c2700000| Untracked 
|  40|0x00000000c2800000, 0x00000000c2900000, 0x00000000c2900000|100%|HS|  |TAMS 0x00000000c2900000, 0x00000000c2800000| Untracked 
|  41|0x00000000c2900000, 0x00000000c29fffe8, 0x00000000c2a00000| 99%| O|  |TAMS 0x00000000c29fffe8, 0x00000000c2900000| Untracked 
|  42|0x00000000c2a00000, 0x00000000c2b00000, 0x00000000c2b00000|100%|HS|  |TAMS 0x00000000c2b00000, 0x00000000c2a00000| Untracked 
|  43|0x00000000c2b00000, 0x00000000c2bffff0, 0x00000000c2c00000| 99%| O|  |TAMS 0x00000000c2bffff0, 0x00000000c2b00000| Untracked 
|  44|0x00000000c2c00000, 0x00000000c2cffff0, 0x00000000c2d00000| 99%| O|  |TAMS 0x00000000c2cffff0, 0x00000000c2c00000| Untracked 
|  45|0x00000000c2d00000, 0x00000000c2dffff8, 0x00000000c2e00000| 99%| O|  |TAMS 0x00000000c2dffff8, 0x00000000c2d00000| Untracked 
|  46|0x00000000c2e00000, 0x00000000c2efffd0, 0x00000000c2f00000| 99%| O|  |TAMS 0x00000000c2efffd0, 0x00000000c2e00000| Untracked 
|  47|0x00000000c2f00000, 0x00000000c2fffff0, 0x00000000c3000000| 99%| O|  |TAMS 0x00000000c2fffff0, 0x00000000c2f00000| Untracked 
|  48|0x00000000c3000000, 0x00000000c30ffff8, 0x00000000c3100000| 99%| O|  |TAMS 0x00000000c30ffff8, 0x00000000c3000000| Untracked 
|  49|0x00000000c3100000, 0x00000000c31ff690, 0x00000000c3200000| 99%| O|  |TAMS 0x00000000c31ff690, 0x00000000c3100000| Untracked 
|  50|0x00000000c3200000, 0x00000000c32fffe8, 0x00000000c3300000| 99%| O|  |TAMS 0x00000000c32fffe8, 0x00000000c3200000| Untracked 
|  51|0x00000000c3300000, 0x00000000c33ffff0, 0x00000000c3400000| 99%| O|  |TAMS 0x00000000c33ffff0, 0x00000000c3300000| Untracked 
|  52|0x00000000c3400000, 0x00000000c34ffff8, 0x00000000c3500000| 99%| O|  |TAMS 0x00000000c34ffff8, 0x00000000c3400000| Untracked 
|  53|0x00000000c3500000, 0x00000000c3600000, 0x00000000c3600000|100%|HS|  |TAMS 0x00000000c3600000, 0x00000000c3500000| Untracked 
|  54|0x00000000c3600000, 0x00000000c3700000, 0x00000000c3700000|100%|HC|  |TAMS 0x00000000c3700000, 0x00000000c3600000| Untracked 
|  55|0x00000000c3700000, 0x00000000c3800000, 0x00000000c3800000|100%|HC|  |TAMS 0x00000000c3800000, 0x00000000c3700000| Untracked 
|  56|0x00000000c3800000, 0x00000000c38fffb8, 0x00000000c3900000| 99%| O|  |TAMS 0x00000000c38fffb8, 0x00000000c3800000| Untracked 
|  57|0x00000000c3900000, 0x00000000c3a00000, 0x00000000c3a00000|100%| O|  |TAMS 0x00000000c3a00000, 0x00000000c3900000| Untracked 
|  58|0x00000000c3a00000, 0x00000000c3afffc8, 0x00000000c3b00000| 99%| O|  |TAMS 0x00000000c3afffc8, 0x00000000c3a00000| Untracked 
|  59|0x00000000c3b00000, 0x00000000c3ba7ad8, 0x00000000c3c00000| 65%| O|  |TAMS 0x00000000c3b00000, 0x00000000c3b00000| Untracked 
|  60|0x00000000c3c00000, 0x00000000c3d00000, 0x00000000c3d00000|100%| O|  |TAMS 0x00000000c3d00000, 0x00000000c3c00000| Untracked 
|  61|0x00000000c3d00000, 0x00000000c3dd3fb8, 0x00000000c3e00000| 82%| O|  |TAMS 0x00000000c3d00000, 0x00000000c3d00000| Untracked 
|  62|0x00000000c3e00000, 0x00000000c3e00088, 0x00000000c3f00000|  0%| O|  |TAMS 0x00000000c3e00000, 0x00000000c3e00000| Untracked 
|  63|0x00000000c3f00000, 0x00000000c4000000, 0x00000000c4000000|100%| O|  |TAMS 0x00000000c4000000, 0x00000000c3f00000| Untracked 
|  64|0x00000000c4000000, 0x00000000c4100000, 0x00000000c4100000|100%| O|  |TAMS 0x00000000c4000000, 0x00000000c4000000| Untracked 
|  65|0x00000000c4100000, 0x00000000c4200000, 0x00000000c4200000|100%| O|  |TAMS 0x00000000c4100000, 0x00000000c4100000| Untracked 
|  66|0x00000000c4200000, 0x00000000c4300000, 0x00000000c4300000|100%| O|  |TAMS 0x00000000c4200000, 0x00000000c4200000| Untracked 
|  67|0x00000000c4300000, 0x00000000c4400000, 0x00000000c4400000|100%| O|  |TAMS 0x00000000c4300000, 0x00000000c4300000| Untracked 
|  68|0x00000000c4400000, 0x00000000c4500000, 0x00000000c4500000|100%| O|  |TAMS 0x00000000c4400000, 0x00000000c4400000| Untracked 
|  69|0x00000000c4500000, 0x00000000c4600000, 0x00000000c4600000|100%| O|  |TAMS 0x00000000c4500000, 0x00000000c4500000| Untracked 
|  70|0x00000000c4600000, 0x00000000c4700000, 0x00000000c4700000|100%| O|  |TAMS 0x00000000c4600000, 0x00000000c4600000| Untracked 
|  71|0x00000000c4700000, 0x00000000c4800000, 0x00000000c4800000|100%| O|  |TAMS 0x00000000c4700000, 0x00000000c4700000| Untracked 
|  72|0x00000000c4800000, 0x00000000c4854200, 0x00000000c4900000| 32%| O|  |TAMS 0x00000000c4800000, 0x00000000c4800000| Untracked 
|  73|0x00000000c4900000, 0x00000000c4900000, 0x00000000c4a00000|  0%| F|  |TAMS 0x00000000c4900000, 0x00000000c4900000| Untracked 
|  74|0x00000000c4a00000, 0x00000000c4a00000, 0x00000000c4b00000|  0%| F|  |TAMS 0x00000000c4a00000, 0x00000000c4a00000| Untracked 
|  75|0x00000000c4b00000, 0x00000000c4b00000, 0x00000000c4c00000|  0%| F|  |TAMS 0x00000000c4b00000, 0x00000000c4b00000| Untracked 
|  76|0x00000000c4c00000, 0x00000000c4c00000, 0x00000000c4d00000|  0%| F|  |TAMS 0x00000000c4c00000, 0x00000000c4c00000| Untracked 
|  77|0x00000000c4d00000, 0x00000000c4d00000, 0x00000000c4e00000|  0%| F|  |TAMS 0x00000000c4d00000, 0x00000000c4d00000| Untracked 
|  78|0x00000000c4e00000, 0x00000000c4e00000, 0x00000000c4f00000|  0%| F|  |TAMS 0x00000000c4e00000, 0x00000000c4e00000| Untracked 
|  79|0x00000000c4f00000, 0x00000000c4f00000, 0x00000000c5000000|  0%| F|  |TAMS 0x00000000c4f00000, 0x00000000c4f00000| Untracked 
|  80|0x00000000c5000000, 0x00000000c5000000, 0x00000000c5100000|  0%| F|  |TAMS 0x00000000c5000000, 0x00000000c5000000| Untracked 
|  81|0x00000000c5100000, 0x00000000c5100000, 0x00000000c5200000|  0%| F|  |TAMS 0x00000000c5100000, 0x00000000c5100000| Untracked 
|  82|0x00000000c5200000, 0x00000000c5200000, 0x00000000c5300000|  0%| F|  |TAMS 0x00000000c5200000, 0x00000000c5200000| Untracked 
|  83|0x00000000c5300000, 0x00000000c5300000, 0x00000000c5400000|  0%| F|  |TAMS 0x00000000c5300000, 0x00000000c5300000| Untracked 
|  84|0x00000000c5400000, 0x00000000c5500000, 0x00000000c5500000|100%| O|  |TAMS 0x00000000c5500000, 0x00000000c5400000| Untracked 
|  85|0x00000000c5500000, 0x00000000c5600000, 0x00000000c5600000|100%| O|  |TAMS 0x00000000c5600000, 0x00000000c5500000| Untracked 
|  86|0x00000000c5600000, 0x00000000c5600000, 0x00000000c5700000|  0%| F|  |TAMS 0x00000000c5600000, 0x00000000c5600000| Untracked 
|  87|0x00000000c5700000, 0x00000000c5700000, 0x00000000c5800000|  0%| F|  |TAMS 0x00000000c5700000, 0x00000000c5700000| Untracked 
|  88|0x00000000c5800000, 0x00000000c5900000, 0x00000000c5900000|100%| O|  |TAMS 0x00000000c5900000, 0x00000000c5800000| Untracked 
|  89|0x00000000c5900000, 0x00000000c5a00000, 0x00000000c5a00000|100%| O|  |TAMS 0x00000000c5a00000, 0x00000000c5900000| Untracked 
|  90|0x00000000c5a00000, 0x00000000c5a00000, 0x00000000c5b00000|  0%| F|  |TAMS 0x00000000c5a00000, 0x00000000c5a00000| Untracked 
|  91|0x00000000c5b00000, 0x00000000c5b00000, 0x00000000c5c00000|  0%| F|  |TAMS 0x00000000c5b00000, 0x00000000c5b00000| Untracked 
|  92|0x00000000c5c00000, 0x00000000c5c00000, 0x00000000c5d00000|  0%| F|  |TAMS 0x00000000c5c00000, 0x00000000c5c00000| Untracked 
|  93|0x00000000c5d00000, 0x00000000c5d00000, 0x00000000c5e00000|  0%| F|  |TAMS 0x00000000c5d00000, 0x00000000c5d00000| Untracked 
|  94|0x00000000c5e00000, 0x00000000c5e00000, 0x00000000c5f00000|  0%| F|  |TAMS 0x00000000c5e00000, 0x00000000c5e00000| Untracked 
|  95|0x00000000c5f00000, 0x00000000c5f00000, 0x00000000c6000000|  0%| F|  |TAMS 0x00000000c5f00000, 0x00000000c5f00000| Untracked 
|  96|0x00000000c6000000, 0x00000000c6000000, 0x00000000c6100000|  0%| F|  |TAMS 0x00000000c6000000, 0x00000000c6000000| Untracked 
|  97|0x00000000c6100000, 0x00000000c6100000, 0x00000000c6200000|  0%| F|  |TAMS 0x00000000c6100000, 0x00000000c6100000| Untracked 
|  98|0x00000000c6200000, 0x00000000c6200000, 0x00000000c6300000|  0%| F|  |TAMS 0x00000000c6200000, 0x00000000c6200000| Untracked 
|  99|0x00000000c6300000, 0x00000000c6400000, 0x00000000c6400000|100%| O|  |TAMS 0x00000000c6400000, 0x00000000c6300000| Untracked 
| 100|0x00000000c6400000, 0x00000000c6400000, 0x00000000c6500000|  0%| F|  |TAMS 0x00000000c6400000, 0x00000000c6400000| Untracked 
| 101|0x00000000c6500000, 0x00000000c6500000, 0x00000000c6600000|  0%| F|  |TAMS 0x00000000c6500000, 0x00000000c6500000| Untracked 
| 102|0x00000000c6600000, 0x00000000c6600000, 0x00000000c6700000|  0%| F|  |TAMS 0x00000000c6600000, 0x00000000c6600000| Untracked 
| 103|0x00000000c6700000, 0x00000000c6700000, 0x00000000c6800000|  0%| F|  |TAMS 0x00000000c6700000, 0x00000000c6700000| Untracked 
| 104|0x00000000c6800000, 0x00000000c6800000, 0x00000000c6900000|  0%| F|  |TAMS 0x00000000c6800000, 0x00000000c6800000| Untracked 
| 105|0x00000000c6900000, 0x00000000c6a00000, 0x00000000c6a00000|100%| O|  |TAMS 0x00000000c6a00000, 0x00000000c6900000| Untracked 
| 106|0x00000000c6a00000, 0x00000000c6a00000, 0x00000000c6b00000|  0%| F|  |TAMS 0x00000000c6a00000, 0x00000000c6a00000| Untracked 
| 107|0x00000000c6b00000, 0x00000000c6c00000, 0x00000000c6c00000|100%| O|  |TAMS 0x00000000c6c00000, 0x00000000c6b00000| Untracked 
| 108|0x00000000c6c00000, 0x00000000c6c00000, 0x00000000c6d00000|  0%| F|  |TAMS 0x00000000c6c00000, 0x00000000c6c00000| Untracked 
| 109|0x00000000c6d00000, 0x00000000c6d00000, 0x00000000c6e00000|  0%| F|  |TAMS 0x00000000c6d00000, 0x00000000c6d00000| Untracked 
| 110|0x00000000c6e00000, 0x00000000c6e00000, 0x00000000c6f00000|  0%| F|  |TAMS 0x00000000c6e00000, 0x00000000c6e00000| Untracked 
| 111|0x00000000c6f00000, 0x00000000c6f00000, 0x00000000c7000000|  0%| F|  |TAMS 0x00000000c6f00000, 0x00000000c6f00000| Untracked 
| 112|0x00000000c7000000, 0x00000000c7000000, 0x00000000c7100000|  0%| F|  |TAMS 0x00000000c7000000, 0x00000000c7000000| Untracked 
| 113|0x00000000c7100000, 0x00000000c7100000, 0x00000000c7200000|  0%| F|  |TAMS 0x00000000c7100000, 0x00000000c7100000| Untracked 
| 114|0x00000000c7200000, 0x00000000c7200000, 0x00000000c7300000|  0%| F|  |TAMS 0x00000000c7200000, 0x00000000c7200000| Untracked 
| 115|0x00000000c7300000, 0x00000000c7300000, 0x00000000c7400000|  0%| F|  |TAMS 0x00000000c7300000, 0x00000000c7300000| Untracked 
| 116|0x00000000c7400000, 0x00000000c7400000, 0x00000000c7500000|  0%| F|  |TAMS 0x00000000c7400000, 0x00000000c7400000| Untracked 
| 117|0x00000000c7500000, 0x00000000c7500000, 0x00000000c7600000|  0%| F|  |TAMS 0x00000000c7500000, 0x00000000c7500000| Untracked 
| 118|0x00000000c7600000, 0x00000000c7600000, 0x00000000c7700000|  0%| F|  |TAMS 0x00000000c7600000, 0x00000000c7600000| Untracked 
| 119|0x00000000c7700000, 0x00000000c7700000, 0x00000000c7800000|  0%| F|  |TAMS 0x00000000c7700000, 0x00000000c7700000| Untracked 
| 120|0x00000000c7800000, 0x00000000c7800000, 0x00000000c7900000|  0%| F|  |TAMS 0x00000000c7800000, 0x00000000c7800000| Untracked 
| 121|0x00000000c7900000, 0x00000000c7900000, 0x00000000c7a00000|  0%| F|  |TAMS 0x00000000c7900000, 0x00000000c7900000| Untracked 
| 122|0x00000000c7a00000, 0x00000000c7a00000, 0x00000000c7b00000|  0%| F|  |TAMS 0x00000000c7a00000, 0x00000000c7a00000| Untracked 
| 123|0x00000000c7b00000, 0x00000000c7b00000, 0x00000000c7c00000|  0%| F|  |TAMS 0x00000000c7b00000, 0x00000000c7b00000| Untracked 
| 124|0x00000000c7c00000, 0x00000000c7c00000, 0x00000000c7d00000|  0%| F|  |TAMS 0x00000000c7c00000, 0x00000000c7c00000| Untracked 
| 125|0x00000000c7d00000, 0x00000000c7d00000, 0x00000000c7e00000|  0%| F|  |TAMS 0x00000000c7d00000, 0x00000000c7d00000| Untracked 
| 126|0x00000000c7e00000, 0x00000000c7e00000, 0x00000000c7f00000|  0%| F|  |TAMS 0x00000000c7e00000, 0x00000000c7e00000| Untracked 
| 127|0x00000000c7f00000, 0x00000000c7f00000, 0x00000000c8000000|  0%| F|  |TAMS 0x00000000c7f00000, 0x00000000c7f00000| Untracked 
| 128|0x00000000c8000000, 0x00000000c8000000, 0x00000000c8100000|  0%| F|  |TAMS 0x00000000c8000000, 0x00000000c8000000| Untracked 
| 129|0x00000000c8100000, 0x00000000c8100000, 0x00000000c8200000|  0%| F|  |TAMS 0x00000000c8100000, 0x00000000c8100000| Untracked 
| 130|0x00000000c8200000, 0x00000000c8200000, 0x00000000c8300000|  0%| F|  |TAMS 0x00000000c8200000, 0x00000000c8200000| Untracked 
| 131|0x00000000c8300000, 0x00000000c8300000, 0x00000000c8400000|  0%| F|  |TAMS 0x00000000c8300000, 0x00000000c8300000| Untracked 
| 132|0x00000000c8400000, 0x00000000c8400000, 0x00000000c8500000|  0%| F|  |TAMS 0x00000000c8400000, 0x00000000c8400000| Untracked 
| 133|0x00000000c8500000, 0x00000000c8500000, 0x00000000c8600000|  0%| F|  |TAMS 0x00000000c8500000, 0x00000000c8500000| Untracked 
| 134|0x00000000c8600000, 0x00000000c8600000, 0x00000000c8700000|  0%| F|  |TAMS 0x00000000c8600000, 0x00000000c8600000| Untracked 
| 135|0x00000000c8700000, 0x00000000c8700000, 0x00000000c8800000|  0%| F|  |TAMS 0x00000000c8700000, 0x00000000c8700000| Untracked 
| 136|0x00000000c8800000, 0x00000000c8800000, 0x00000000c8900000|  0%| F|  |TAMS 0x00000000c8800000, 0x00000000c8800000| Untracked 
| 137|0x00000000c8900000, 0x00000000c8900000, 0x00000000c8a00000|  0%| F|  |TAMS 0x00000000c8900000, 0x00000000c8900000| Untracked 
| 138|0x00000000c8a00000, 0x00000000c8a00000, 0x00000000c8b00000|  0%| F|  |TAMS 0x00000000c8a00000, 0x00000000c8a00000| Untracked 
| 139|0x00000000c8b00000, 0x00000000c8b00000, 0x00000000c8c00000|  0%| F|  |TAMS 0x00000000c8b00000, 0x00000000c8b00000| Untracked 
| 140|0x00000000c8c00000, 0x00000000c8c00000, 0x00000000c8d00000|  0%| F|  |TAMS 0x00000000c8c00000, 0x00000000c8c00000| Untracked 
| 141|0x00000000c8d00000, 0x00000000c8d00000, 0x00000000c8e00000|  0%| F|  |TAMS 0x00000000c8d00000, 0x00000000c8d00000| Untracked 
| 142|0x00000000c8e00000, 0x00000000c8efe580, 0x00000000c8f00000| 99%| O|  |TAMS 0x00000000c8efe580, 0x00000000c8e00000| Untracked 
| 143|0x00000000c8f00000, 0x00000000c8f00000, 0x00000000c9000000|  0%| F|  |TAMS 0x00000000c8f00000, 0x00000000c8f00000| Untracked 
| 144|0x00000000c9000000, 0x00000000c9100000, 0x00000000c9100000|100%| O|  |TAMS 0x00000000c9100000, 0x00000000c9000000| Untracked 
| 145|0x00000000c9100000, 0x00000000c9200000, 0x00000000c9200000|100%| O|  |TAMS 0x00000000c9200000, 0x00000000c9100000| Untracked 
| 146|0x00000000c9200000, 0x00000000c9300000, 0x00000000c9300000|100%| O|  |TAMS 0x00000000c9300000, 0x00000000c9200000| Untracked 
| 147|0x00000000c9300000, 0x00000000c9400000, 0x00000000c9400000|100%| O|  |TAMS 0x00000000c9400000, 0x00000000c9300000| Untracked 
| 148|0x00000000c9400000, 0x00000000c9400000, 0x00000000c9500000|  0%| F|  |TAMS 0x00000000c9400000, 0x00000000c9400000| Untracked 
| 149|0x00000000c9500000, 0x00000000c9500000, 0x00000000c9600000|  0%| F|  |TAMS 0x00000000c9500000, 0x00000000c9500000| Untracked 
| 150|0x00000000c9600000, 0x00000000c9600000, 0x00000000c9700000|  0%| F|  |TAMS 0x00000000c9600000, 0x00000000c9600000| Untracked 
| 151|0x00000000c9700000, 0x00000000c9700000, 0x00000000c9800000|  0%| F|  |TAMS 0x00000000c9700000, 0x00000000c9700000| Untracked 
| 152|0x00000000c9800000, 0x00000000c9800000, 0x00000000c9900000|  0%| F|  |TAMS 0x00000000c9800000, 0x00000000c9800000| Untracked 
| 153|0x00000000c9900000, 0x00000000c9900000, 0x00000000c9a00000|  0%| F|  |TAMS 0x00000000c9900000, 0x00000000c9900000| Untracked 
| 154|0x00000000c9a00000, 0x00000000c9a00000, 0x00000000c9b00000|  0%| F|  |TAMS 0x00000000c9a00000, 0x00000000c9a00000| Untracked 
| 155|0x00000000c9b00000, 0x00000000c9b00000, 0x00000000c9c00000|  0%| F|  |TAMS 0x00000000c9b00000, 0x00000000c9b00000| Untracked 
| 156|0x00000000c9c00000, 0x00000000c9c00000, 0x00000000c9d00000|  0%| F|  |TAMS 0x00000000c9c00000, 0x00000000c9c00000| Untracked 
| 157|0x00000000c9d00000, 0x00000000c9d00000, 0x00000000c9e00000|  0%| F|  |TAMS 0x00000000c9d00000, 0x00000000c9d00000| Untracked 
| 158|0x00000000c9e00000, 0x00000000c9e00000, 0x00000000c9f00000|  0%| F|  |TAMS 0x00000000c9e00000, 0x00000000c9e00000| Untracked 
| 159|0x00000000c9f00000, 0x00000000c9f00000, 0x00000000ca000000|  0%| F|  |TAMS 0x00000000c9f00000, 0x00000000c9f00000| Untracked 
| 160|0x00000000ca000000, 0x00000000ca000000, 0x00000000ca100000|  0%| F|  |TAMS 0x00000000ca000000, 0x00000000ca000000| Untracked 
| 161|0x00000000ca100000, 0x00000000ca100000, 0x00000000ca200000|  0%| F|  |TAMS 0x00000000ca100000, 0x00000000ca100000| Untracked 
| 162|0x00000000ca200000, 0x00000000ca200000, 0x00000000ca300000|  0%| F|  |TAMS 0x00000000ca200000, 0x00000000ca200000| Untracked 
| 163|0x00000000ca300000, 0x00000000ca300000, 0x00000000ca400000|  0%| F|  |TAMS 0x00000000ca300000, 0x00000000ca300000| Untracked 
| 164|0x00000000ca400000, 0x00000000ca400000, 0x00000000ca500000|  0%| F|  |TAMS 0x00000000ca400000, 0x00000000ca400000| Untracked 
| 165|0x00000000ca500000, 0x00000000ca500000, 0x00000000ca600000|  0%| F|  |TAMS 0x00000000ca500000, 0x00000000ca500000| Untracked 
| 166|0x00000000ca600000, 0x00000000ca600000, 0x00000000ca700000|  0%| F|  |TAMS 0x00000000ca600000, 0x00000000ca600000| Untracked 
| 167|0x00000000ca700000, 0x00000000ca700000, 0x00000000ca800000|  0%| F|  |TAMS 0x00000000ca700000, 0x00000000ca700000| Untracked 
| 168|0x00000000ca800000, 0x00000000ca800000, 0x00000000ca900000|  0%| F|  |TAMS 0x00000000ca800000, 0x00000000ca800000| Untracked 
| 169|0x00000000ca900000, 0x00000000ca900000, 0x00000000caa00000|  0%| F|  |TAMS 0x00000000ca900000, 0x00000000ca900000| Untracked 
| 170|0x00000000caa00000, 0x00000000caa00000, 0x00000000cab00000|  0%| F|  |TAMS 0x00000000caa00000, 0x00000000caa00000| Untracked 
| 171|0x00000000cab00000, 0x00000000cab00000, 0x00000000cac00000|  0%| F|  |TAMS 0x00000000cab00000, 0x00000000cab00000| Untracked 
| 172|0x00000000cac00000, 0x00000000cac00000, 0x00000000cad00000|  0%| F|  |TAMS 0x00000000cac00000, 0x00000000cac00000| Untracked 
| 173|0x00000000cad00000, 0x00000000cad00000, 0x00000000cae00000|  0%| F|  |TAMS 0x00000000cad00000, 0x00000000cad00000| Untracked 
| 174|0x00000000cae00000, 0x00000000cae00000, 0x00000000caf00000|  0%| F|  |TAMS 0x00000000cae00000, 0x00000000cae00000| Untracked 
| 175|0x00000000caf00000, 0x00000000caf00000, 0x00000000cb000000|  0%| F|  |TAMS 0x00000000caf00000, 0x00000000caf00000| Untracked 
| 176|0x00000000cb000000, 0x00000000cb000000, 0x00000000cb100000|  0%| F|  |TAMS 0x00000000cb000000, 0x00000000cb000000| Untracked 
| 177|0x00000000cb100000, 0x00000000cb100000, 0x00000000cb200000|  0%| F|  |TAMS 0x00000000cb100000, 0x00000000cb100000| Untracked 
| 178|0x00000000cb200000, 0x00000000cb200000, 0x00000000cb300000|  0%| F|  |TAMS 0x00000000cb200000, 0x00000000cb200000| Untracked 
| 179|0x00000000cb300000, 0x00000000cb300000, 0x00000000cb400000|  0%| F|  |TAMS 0x00000000cb300000, 0x00000000cb300000| Untracked 
| 180|0x00000000cb400000, 0x00000000cb400000, 0x00000000cb500000|  0%| F|  |TAMS 0x00000000cb400000, 0x00000000cb400000| Untracked 
| 181|0x00000000cb500000, 0x00000000cb500000, 0x00000000cb600000|  0%| F|  |TAMS 0x00000000cb500000, 0x00000000cb500000| Untracked 
| 182|0x00000000cb600000, 0x00000000cb600000, 0x00000000cb700000|  0%| F|  |TAMS 0x00000000cb600000, 0x00000000cb600000| Untracked 
| 183|0x00000000cb700000, 0x00000000cb700000, 0x00000000cb800000|  0%| F|  |TAMS 0x00000000cb700000, 0x00000000cb700000| Untracked 
| 184|0x00000000cb800000, 0x00000000cb800000, 0x00000000cb900000|  0%| F|  |TAMS 0x00000000cb800000, 0x00000000cb800000| Untracked 
| 185|0x00000000cb900000, 0x00000000cb900000, 0x00000000cba00000|  0%| F|  |TAMS 0x00000000cb900000, 0x00000000cb900000| Untracked 
| 186|0x00000000cba00000, 0x00000000cba00000, 0x00000000cbb00000|  0%| F|  |TAMS 0x00000000cba00000, 0x00000000cba00000| Untracked 
| 187|0x00000000cbb00000, 0x00000000cbb00000, 0x00000000cbc00000|  0%| F|  |TAMS 0x00000000cbb00000, 0x00000000cbb00000| Untracked 
| 188|0x00000000cbc00000, 0x00000000cbc00000, 0x00000000cbd00000|  0%| F|  |TAMS 0x00000000cbc00000, 0x00000000cbc00000| Untracked 
| 189|0x00000000cbd00000, 0x00000000cbd00000, 0x00000000cbe00000|  0%| F|  |TAMS 0x00000000cbd00000, 0x00000000cbd00000| Untracked 
| 190|0x00000000cbe00000, 0x00000000cbe00000, 0x00000000cbf00000|  0%| F|  |TAMS 0x00000000cbe00000, 0x00000000cbe00000| Untracked 
| 191|0x00000000cbf00000, 0x00000000cbf00000, 0x00000000cc000000|  0%| F|  |TAMS 0x00000000cbf00000, 0x00000000cbf00000| Untracked 
| 192|0x00000000cc000000, 0x00000000cc000000, 0x00000000cc100000|  0%| F|  |TAMS 0x00000000cc000000, 0x00000000cc000000| Untracked 
| 193|0x00000000cc100000, 0x00000000cc100000, 0x00000000cc200000|  0%| F|  |TAMS 0x00000000cc100000, 0x00000000cc100000| Untracked 
| 194|0x00000000cc200000, 0x00000000cc200000, 0x00000000cc300000|  0%| F|  |TAMS 0x00000000cc200000, 0x00000000cc200000| Untracked 
| 195|0x00000000cc300000, 0x00000000cc300000, 0x00000000cc400000|  0%| F|  |TAMS 0x00000000cc300000, 0x00000000cc300000| Untracked 
| 196|0x00000000cc400000, 0x00000000cc400000, 0x00000000cc500000|  0%| F|  |TAMS 0x00000000cc400000, 0x00000000cc400000| Untracked 
| 197|0x00000000cc500000, 0x00000000cc500000, 0x00000000cc600000|  0%| F|  |TAMS 0x00000000cc500000, 0x00000000cc500000| Untracked 
| 198|0x00000000cc600000, 0x00000000cc600000, 0x00000000cc700000|  0%| F|  |TAMS 0x00000000cc600000, 0x00000000cc600000| Untracked 
| 199|0x00000000cc700000, 0x00000000cc700000, 0x00000000cc800000|  0%| F|  |TAMS 0x00000000cc700000, 0x00000000cc700000| Untracked 
| 200|0x00000000cc800000, 0x00000000cc800000, 0x00000000cc900000|  0%| F|  |TAMS 0x00000000cc800000, 0x00000000cc800000| Untracked 
| 201|0x00000000cc900000, 0x00000000cc900000, 0x00000000cca00000|  0%| F|  |TAMS 0x00000000cc900000, 0x00000000cc900000| Untracked 
| 202|0x00000000cca00000, 0x00000000cca00000, 0x00000000ccb00000|  0%| F|  |TAMS 0x00000000cca00000, 0x00000000cca00000| Untracked 
| 203|0x00000000ccb00000, 0x00000000ccb00000, 0x00000000ccc00000|  0%| F|  |TAMS 0x00000000ccb00000, 0x00000000ccb00000| Untracked 
| 204|0x00000000ccc00000, 0x00000000ccc00000, 0x00000000ccd00000|  0%| F|  |TAMS 0x00000000ccc00000, 0x00000000ccc00000| Untracked 
| 205|0x00000000ccd00000, 0x00000000ccd00000, 0x00000000cce00000|  0%| F|  |TAMS 0x00000000ccd00000, 0x00000000ccd00000| Untracked 
| 206|0x00000000cce00000, 0x00000000cce00000, 0x00000000ccf00000|  0%| F|  |TAMS 0x00000000cce00000, 0x00000000cce00000| Untracked 
| 207|0x00000000ccf00000, 0x00000000ccf00000, 0x00000000cd000000|  0%| F|  |TAMS 0x00000000ccf00000, 0x00000000ccf00000| Untracked 
| 208|0x00000000cd000000, 0x00000000cd000000, 0x00000000cd100000|  0%| F|  |TAMS 0x00000000cd000000, 0x00000000cd000000| Untracked 
| 209|0x00000000cd100000, 0x00000000cd100000, 0x00000000cd200000|  0%| F|  |TAMS 0x00000000cd100000, 0x00000000cd100000| Untracked 
| 210|0x00000000cd200000, 0x00000000cd200000, 0x00000000cd300000|  0%| F|  |TAMS 0x00000000cd200000, 0x00000000cd200000| Untracked 
| 211|0x00000000cd300000, 0x00000000cd300000, 0x00000000cd400000|  0%| F|  |TAMS 0x00000000cd300000, 0x00000000cd300000| Untracked 
| 212|0x00000000cd400000, 0x00000000cd400000, 0x00000000cd500000|  0%| F|  |TAMS 0x00000000cd400000, 0x00000000cd400000| Untracked 
| 213|0x00000000cd500000, 0x00000000cd500000, 0x00000000cd600000|  0%| F|  |TAMS 0x00000000cd500000, 0x00000000cd500000| Untracked 
| 214|0x00000000cd600000, 0x00000000cd600000, 0x00000000cd700000|  0%| F|  |TAMS 0x00000000cd600000, 0x00000000cd600000| Untracked 
| 215|0x00000000cd700000, 0x00000000cd700000, 0x00000000cd800000|  0%| F|  |TAMS 0x00000000cd700000, 0x00000000cd700000| Untracked 
| 216|0x00000000cd800000, 0x00000000cd800000, 0x00000000cd900000|  0%| F|  |TAMS 0x00000000cd800000, 0x00000000cd800000| Untracked 
| 217|0x00000000cd900000, 0x00000000cd900000, 0x00000000cda00000|  0%| F|  |TAMS 0x00000000cd900000, 0x00000000cd900000| Untracked 
| 218|0x00000000cda00000, 0x00000000cda00000, 0x00000000cdb00000|  0%| F|  |TAMS 0x00000000cda00000, 0x00000000cda00000| Untracked 
| 219|0x00000000cdb00000, 0x00000000cdb00000, 0x00000000cdc00000|  0%| F|  |TAMS 0x00000000cdb00000, 0x00000000cdb00000| Untracked 
| 220|0x00000000cdc00000, 0x00000000cdc00000, 0x00000000cdd00000|  0%| F|  |TAMS 0x00000000cdc00000, 0x00000000cdc00000| Untracked 
| 221|0x00000000cdd00000, 0x00000000cdd00000, 0x00000000cde00000|  0%| F|  |TAMS 0x00000000cdd00000, 0x00000000cdd00000| Untracked 
| 222|0x00000000cde00000, 0x00000000cde00000, 0x00000000cdf00000|  0%| F|  |TAMS 0x00000000cde00000, 0x00000000cde00000| Untracked 
| 223|0x00000000cdf00000, 0x00000000cdf00000, 0x00000000ce000000|  0%| F|  |TAMS 0x00000000cdf00000, 0x00000000cdf00000| Untracked 
| 224|0x00000000ce000000, 0x00000000ce000000, 0x00000000ce100000|  0%| F|  |TAMS 0x00000000ce000000, 0x00000000ce000000| Untracked 
| 225|0x00000000ce100000, 0x00000000ce100000, 0x00000000ce200000|  0%| F|  |TAMS 0x00000000ce100000, 0x00000000ce100000| Untracked 
| 226|0x00000000ce200000, 0x00000000ce200000, 0x00000000ce300000|  0%| F|  |TAMS 0x00000000ce200000, 0x00000000ce200000| Untracked 
| 227|0x00000000ce300000, 0x00000000ce300000, 0x00000000ce400000|  0%| F|  |TAMS 0x00000000ce300000, 0x00000000ce300000| Untracked 
| 228|0x00000000ce400000, 0x00000000ce400000, 0x00000000ce500000|  0%| F|  |TAMS 0x00000000ce400000, 0x00000000ce400000| Untracked 
| 229|0x00000000ce500000, 0x00000000ce500000, 0x00000000ce600000|  0%| F|  |TAMS 0x00000000ce500000, 0x00000000ce500000| Untracked 
| 230|0x00000000ce600000, 0x00000000ce600000, 0x00000000ce700000|  0%| F|  |TAMS 0x00000000ce600000, 0x00000000ce600000| Untracked 
| 231|0x00000000ce700000, 0x00000000ce700000, 0x00000000ce800000|  0%| F|  |TAMS 0x00000000ce700000, 0x00000000ce700000| Untracked 
| 232|0x00000000ce800000, 0x00000000ce800000, 0x00000000ce900000|  0%| F|  |TAMS 0x00000000ce800000, 0x00000000ce800000| Untracked 
| 233|0x00000000ce900000, 0x00000000ce900000, 0x00000000cea00000|  0%| F|  |TAMS 0x00000000ce900000, 0x00000000ce900000| Untracked 
| 234|0x00000000cea00000, 0x00000000cea00000, 0x00000000ceb00000|  0%| F|  |TAMS 0x00000000cea00000, 0x00000000cea00000| Untracked 
| 235|0x00000000ceb00000, 0x00000000ceb00000, 0x00000000cec00000|  0%| F|  |TAMS 0x00000000ceb00000, 0x00000000ceb00000| Untracked 
| 236|0x00000000cec00000, 0x00000000cec00000, 0x00000000ced00000|  0%| F|  |TAMS 0x00000000cec00000, 0x00000000cec00000| Untracked 
| 237|0x00000000ced00000, 0x00000000ced00000, 0x00000000cee00000|  0%| F|  |TAMS 0x00000000ced00000, 0x00000000ced00000| Untracked 
| 238|0x00000000cee00000, 0x00000000cee00000, 0x00000000cef00000|  0%| F|  |TAMS 0x00000000cee00000, 0x00000000cee00000| Untracked 
| 239|0x00000000cef00000, 0x00000000cef00000, 0x00000000cf000000|  0%| F|  |TAMS 0x00000000cef00000, 0x00000000cef00000| Untracked 
| 240|0x00000000cf000000, 0x00000000cf000000, 0x00000000cf100000|  0%| F|  |TAMS 0x00000000cf000000, 0x00000000cf000000| Untracked 
| 241|0x00000000cf100000, 0x00000000cf100000, 0x00000000cf200000|  0%| F|  |TAMS 0x00000000cf100000, 0x00000000cf100000| Untracked 
| 242|0x00000000cf200000, 0x00000000cf2c8a60, 0x00000000cf300000| 78%| S|CS|TAMS 0x00000000cf200000, 0x00000000cf200000| Complete 
| 243|0x00000000cf300000, 0x00000000cf400000, 0x00000000cf400000|100%| S|CS|TAMS 0x00000000cf300000, 0x00000000cf300000| Complete 
| 244|0x00000000cf400000, 0x00000000cf400000, 0x00000000cf500000|  0%| F|  |TAMS 0x00000000cf400000, 0x00000000cf400000| Untracked 
| 245|0x00000000cf500000, 0x00000000cf500000, 0x00000000cf600000|  0%| F|  |TAMS 0x00000000cf500000, 0x00000000cf500000| Untracked 
| 246|0x00000000cf600000, 0x00000000cf600000, 0x00000000cf700000|  0%| F|  |TAMS 0x00000000cf600000, 0x00000000cf600000| Untracked 
| 247|0x00000000cf700000, 0x00000000cf700000, 0x00000000cf800000|  0%| F|  |TAMS 0x00000000cf700000, 0x00000000cf700000| Untracked 
| 248|0x00000000cf800000, 0x00000000cf800000, 0x00000000cf900000|  0%| F|  |TAMS 0x00000000cf800000, 0x00000000cf800000| Untracked 
| 249|0x00000000cf900000, 0x00000000cf900000, 0x00000000cfa00000|  0%| F|  |TAMS 0x00000000cf900000, 0x00000000cf900000| Untracked 
| 250|0x00000000cfa00000, 0x00000000cfa00000, 0x00000000cfb00000|  0%| F|  |TAMS 0x00000000cfa00000, 0x00000000cfa00000| Untracked 
| 251|0x00000000cfb00000, 0x00000000cfb00000, 0x00000000cfc00000|  0%| F|  |TAMS 0x00000000cfb00000, 0x00000000cfb00000| Untracked 
| 252|0x00000000cfc00000, 0x00000000cfc00000, 0x00000000cfd00000|  0%| F|  |TAMS 0x00000000cfc00000, 0x00000000cfc00000| Untracked 
| 253|0x00000000cfd00000, 0x00000000cfd00000, 0x00000000cfe00000|  0%| F|  |TAMS 0x00000000cfd00000, 0x00000000cfd00000| Untracked 

Card table byte_map: [0x000001c5267f0000,0x000001c5269f0000] _byte_map_base: 0x000001c5261f0000

Marking Bits (Prev, Next): (CMBitMap*) 0x000001c520ba35a0, (CMBitMap*) 0x000001c520ba35e0
 Prev Bits: [0x000001c526bf0000, 0x000001c527bf0000)
 Next Bits: [0x000001c527bf0000, 0x000001c528bf0000)

Polling page: 0x000001c51ea10000

Metaspace:

Usage:
  Non-class:     58.94 MB used.
      Class:      9.31 MB used.
       Both:     68.24 MB used.

Virtual space:
  Non-class space:       64.00 MB reserved,      59.25 MB ( 93%) committed,  8 nodes.
      Class space:        1.00 GB reserved,       9.56 MB ( <1%) committed,  1 nodes.
             Both:        1.06 GB reserved,      68.81 MB (  6%) committed. 

Chunk freelists:
   Non-Class:  251.00 KB
       Class:  2.36 MB
        Both:  2.60 MB

MaxMetaspaceSize: unlimited
CompressedClassSpaceSize: 1.00 GB
Initial GC threshold: 21.00 MB
Current GC threshold: 114.06 MB
CDS: off
MetaspaceReclaimPolicy: balanced
 - commit_granule_bytes: 65536.
 - commit_granule_words: 8192.
 - virtual_space_node_default_size: 1048576.
 - enlarge_chunks_in_place: 1.
 - new_chunks_are_fully_committed: 0.
 - uncommit_free_chunks: 1.
 - use_allocation_guard: 0.
 - handle_deallocations: 1.


Internal statistics:

num_allocs_failed_limit: 6.
num_arena_births: 742.
num_arena_deaths: 198.
num_vsnodes_births: 9.
num_vsnodes_deaths: 0.
num_space_committed: 1102.
num_space_uncommitted: 1.
num_chunks_returned_to_freelist: 234.
num_chunks_taken_from_freelist: 3079.
num_chunk_merges: 76.
num_chunk_splits: 2124.
num_chunks_enlarged: 1637.
num_purges: 10.
num_inconsistent_stats: 0.

CodeCache: size=49152Kb used=21908Kb max_used=22309Kb free=27243Kb
 bounds [0x000001c5237f0000, 0x000001c524dc0000, 0x000001c5267f0000]
 total_blobs=12593 nmethods=11900 adapters=619
 compilation: enabled
              stopped_count=0, restarted_count=0
 full_count=0

Compilation events (20 events):
Event: 10370.627 Thread 0x000001c52b0dc260 12069       1       org.eclipse.jdt.core.dom.DefaultBindingResolver::getDeclaringMember (241 bytes)
Event: 10370.628 Thread 0x000001c52b0dc260 nmethod 12069 0x000001c524d06190 code [0x000001c524d06440, 0x000001c524d06ea8]
Event: 10370.728 Thread 0x000001c52b0dc260 12070       1       org.eclipse.lsp4j.jsonrpc.messages.Either::<init> (15 bytes)
Event: 10370.728 Thread 0x000001c52b0dc260 nmethod 12070 0x000001c524d05e10 code [0x000001c524d05fa0, 0x000001c524d060f8]
Event: 10373.456 Thread 0x000001c52b0dc260 12071       1       org.eclipse.jdt.core.dom.ASTVisitor::visit (2 bytes)
Event: 10374.180 Thread 0x000001c52b0dc260 nmethod 12071 0x000001c524d05b10 code [0x000001c524d05ca0, 0x000001c524d05d78]
Event: 10374.180 Thread 0x000001c52b0dc260 12073       1       org.eclipse.lsp4j.jsonrpc.messages.NotificationMessage::<init> (5 bytes)
Event: 10374.180 Thread 0x000001c52b0dc260 nmethod 12073 0x000001c524d05810 code [0x000001c524d059a0, 0x000001c524d05ab8]
Event: 10374.180 Thread 0x000001c52b0dc260 12072       1       com.sun.tools.javac.util.Context::get (10 bytes)
Event: 10374.180 Thread 0x000001c52b0dc260 nmethod 12072 0x000001c524d05490 code [0x000001c524d05640, 0x000001c524d05738]
Event: 10374.180 Thread 0x000001c52b0dc260 12074       1       org.eclipse.lsp4j.jsonrpc.json.JsonRpcMethod::getMethodName (5 bytes)
Event: 10374.180 Thread 0x000001c52b0dc260 nmethod 12074 0x000001c524d05190 code [0x000001c524d05320, 0x000001c524d053f8]
Event: 10374.181 Thread 0x000001c52b0dc260 12075   !   1       org.springframework.ide.vscode.commons.languageserver.util.Settings::getString (32 bytes)
Event: 10374.181 Thread 0x000001c52b0dc260 nmethod 12075 0x000001c524d04c90 code [0x000001c524d04e60, 0x000001c524d05028]
Event: 10374.181 Thread 0x000001c52b0dc260 12076       1       java.util.concurrent.ForkJoinPool::managedBlock (36 bytes)
Event: 10374.246 Thread 0x000001c52b0dc260 nmethod 12076 0x000001c524d04690 code [0x000001c524d04860, 0x000001c524d04ad8]
Event: 10374.246 Thread 0x000001c52b0dc260 12077   !   1       java.util.concurrent.CompletableFuture$UniApply::tryFire (149 bytes)
Event: 10374.314 Thread 0x000001c52b0dc260 nmethod 12077 0x000001c524d02d10 code [0x000001c524d03020, 0x000001c524d03f08]
Event: 10374.514 Thread 0x000001c52b0dc260 12078       1       org.eclipse.jdt.internal.compiler.parser.Parser::concatGenericsLists (31 bytes)
Event: 10374.514 Thread 0x000001c52b0dc260 nmethod 12078 0x000001c524d02990 code [0x000001c524d02b20, 0x000001c524d02c38]

GC Heap History (20 events):
Event: 10300.035 GC heap after
{Heap after GC invocations=1039 (full 965):
 garbage-first heap   total 263168K, used 84128K [0x00000000c0000000, 0x0000000100000000)
  region size 1024K, 6 young (6144K), 6 survivors (6144K)
 Metaspace       used 69633K, committed 70144K, reserved 1114112K
  class space    used 9482K, committed 9728K, reserved 1048576K
}
Event: 10339.559 GC heap before
{Heap before GC invocations=1040 (full 965):
 garbage-first heap   total 263168K, used 96990K [0x00000000c0000000, 0x0000000100000000)
  region size 1024K, 21 young (21504K), 6 survivors (6144K)
 Metaspace       used 69633K, committed 70144K, reserved 1114112K
  class space    used 9482K, committed 9728K, reserved 1048576K
}
Event: 10339.611 GC heap after
{Heap after GC invocations=1041 (full 966):
 garbage-first heap   total 260096K, used 76224K [0x00000000c0000000, 0x0000000100000000)
  region size 1024K, 0 young (0K), 0 survivors (0K)
 Metaspace       used 69633K, committed 70144K, reserved 1114112K
  class space    used 9482K, committed 9728K, reserved 1048576K
}
Event: 10349.776 GC heap before
{Heap before GC invocations=1041 (full 966):
 garbage-first heap   total 260096K, used 76224K [0x00000000c0000000, 0x0000000100000000)
  region size 1024K, 1 young (1024K), 0 survivors (0K)
 Metaspace       used 69633K, committed 70144K, reserved 1114112K
  class space    used 9482K, committed 9728K, reserved 1048576K
}
Event: 10349.820 GC heap after
{Heap after GC invocations=1042 (full 967):
 garbage-first heap   total 260096K, used 76224K [0x00000000c0000000, 0x0000000100000000)
  region size 1024K, 0 young (0K), 0 survivors (0K)
 Metaspace       used 69633K, committed 70144K, reserved 1114112K
  class space    used 9482K, committed 9728K, reserved 1048576K
}
Event: 10357.036 GC heap before
{Heap before GC invocations=1042 (full 967):
 garbage-first heap   total 260096K, used 191936K [0x00000000c0000000, 0x0000000100000000)
  region size 1024K, 114 young (116736K), 0 survivors (0K)
 Metaspace       used 69686K, committed 70208K, reserved 1114112K
  class space    used 9491K, committed 9728K, reserved 1048576K
}
Event: 10357.043 GC heap after
{Heap after GC invocations=1043 (full 967):
 garbage-first heap   total 260096K, used 81344K [0x00000000c0000000, 0x0000000100000000)
  region size 1024K, 5 young (5120K), 5 survivors (5120K)
 Metaspace       used 69686K, committed 70208K, reserved 1114112K
  class space    used 9491K, committed 9728K, reserved 1048576K
}
Event: 10363.070 GC heap before
{Heap before GC invocations=1043 (full 967):
 garbage-first heap   total 260096K, used 198080K [0x00000000c0000000, 0x0000000100000000)
  region size 1024K, 119 young (121856K), 5 survivors (5120K)
 Metaspace       used 69765K, committed 70272K, reserved 1114112K
  class space    used 9506K, committed 9728K, reserved 1048576K
}
Event: 10363.076 GC heap after
{Heap after GC invocations=1044 (full 967):
 garbage-first heap   total 260096K, used 79781K [0x00000000c0000000, 0x0000000100000000)
  region size 1024K, 4 young (4096K), 4 survivors (4096K)
 Metaspace       used 69765K, committed 70272K, reserved 1114112K
  class space    used 9506K, committed 9728K, reserved 1048576K
}
Event: 10370.860 GC heap before
{Heap before GC invocations=1044 (full 967):
 garbage-first heap   total 260096K, used 200613K [0x00000000c0000000, 0x0000000100000000)
  region size 1024K, 123 young (125952K), 4 survivors (4096K)
 Metaspace       used 69877K, committed 70400K, reserved 1114112K
  class space    used 9529K, committed 9792K, reserved 1048576K
}
Event: 10373.455 GC heap after
{Heap after GC invocations=1045 (full 967):
 garbage-first heap   total 260096K, used 84915K [0x00000000c0000000, 0x0000000100000000)
  region size 1024K, 9 young (9216K), 9 survivors (9216K)
 Metaspace       used 69877K, committed 70400K, reserved 1114112K
  class space    used 9529K, committed 9792K, reserved 1048576K
}
Event: 10373.520 GC heap before
{Heap before GC invocations=1045 (full 967):
 garbage-first heap   total 260096K, used 87987K [0x00000000c0000000, 0x0000000100000000)
  region size 1024K, 12 young (12288K), 9 survivors (9216K)
 Metaspace       used 69882K, committed 70464K, reserved 1114112K
  class space    used 9530K, committed 9792K, reserved 1048576K
}
Event: 10374.180 GC heap after
{Heap after GC invocations=1046 (full 967):
 garbage-first heap   total 260096K, used 82647K [0x00000000c0000000, 0x0000000100000000)
  region size 1024K, 2 young (2048K), 2 survivors (2048K)
 Metaspace       used 69882K, committed 70464K, reserved 1114112K
  class space    used 9530K, committed 9792K, reserved 1048576K
}
Event: 10374.247 GC heap before
{Heap before GC invocations=1046 (full 967):
 garbage-first heap   total 260096K, used 92887K [0x00000000c0000000, 0x0000000100000000)
  region size 1024K, 12 young (12288K), 2 survivors (2048K)
 Metaspace       used 69882K, committed 70464K, reserved 1114112K
  class space    used 9530K, committed 9792K, reserved 1048576K
}
Event: 10374.249 GC heap after
{Heap after GC invocations=1047 (full 967):
 garbage-first heap   total 260096K, used 82886K [0x00000000c0000000, 0x0000000100000000)
  region size 1024K, 2 young (2048K), 2 survivors (2048K)
 Metaspace       used 69882K, committed 70464K, reserved 1114112K
  class space    used 9530K, committed 9792K, reserved 1048576K
}
Event: 10374.324 GC heap before
{Heap before GC invocations=1047 (full 967):
 garbage-first heap   total 260096K, used 93126K [0x00000000c0000000, 0x0000000100000000)
  region size 1024K, 12 young (12288K), 2 survivors (2048K)
 Metaspace       used 69882K, committed 70464K, reserved 1114112K
  class space    used 9530K, committed 9792K, reserved 1048576K
}
Event: 10374.514 GC heap after
{Heap after GC invocations=1048 (full 967):
 garbage-first heap   total 260096K, used 84861K [0x00000000c0000000, 0x0000000100000000)
  region size 1024K, 2 young (2048K), 2 survivors (2048K)
 Metaspace       used 69882K, committed 70464K, reserved 1114112K
  class space    used 9530K, committed 9792K, reserved 1048576K
}
Event: 10374.523 GC heap before
{Heap before GC invocations=1048 (full 967):
 garbage-first heap   total 260096K, used 95101K [0x00000000c0000000, 0x0000000100000000)
  region size 1024K, 12 young (12288K), 2 survivors (2048K)
 Metaspace       used 69882K, committed 70464K, reserved 1114112K
  class space    used 9530K, committed 9792K, reserved 1048576K
}
Event: 10374.580 GC heap after
{Heap after GC invocations=1049 (full 967):
 garbage-first heap   total 260096K, used 85947K [0x00000000c0000000, 0x0000000100000000)
  region size 1024K, 2 young (2048K), 2 survivors (2048K)
 Metaspace       used 69882K, committed 70464K, reserved 1114112K
  class space    used 9530K, committed 9792K, reserved 1048576K
}
Event: 10374.587 GC heap before
{Heap before GC invocations=1049 (full 967):
 garbage-first heap   total 260096K, used 96187K [0x00000000c0000000, 0x0000000100000000)
  region size 1024K, 12 young (12288K), 2 survivors (2048K)
 Metaspace       used 69882K, committed 70464K, reserved 1114112K
  class space    used 9530K, committed 9792K, reserved 1048576K
}

Dll operation events (10 events):
Event: 0.018 Loaded shared library c:\Users\xavie\.vscode\extensions\redhat.java-1.15.0-win32-x64\jre\17.0.6-win32-x86_64\bin\java.dll
Event: 0.739 Loaded shared library C:\Users\xavie\.vscode\extensions\redhat.java-1.15.0-win32-x64\jre\17.0.6-win32-x86_64\bin\net.dll
Event: 0.742 Loaded shared library C:\Users\xavie\.vscode\extensions\redhat.java-1.15.0-win32-x64\jre\17.0.6-win32-x86_64\bin\nio.dll
Event: 0.765 Loaded shared library C:\Users\xavie\.vscode\extensions\redhat.java-1.15.0-win32-x64\jre\17.0.6-win32-x86_64\bin\zip.dll
Event: 1.493 Loaded shared library C:\Users\xavie\.vscode\extensions\redhat.java-1.15.0-win32-x64\jre\17.0.6-win32-x86_64\bin\jimage.dll
Event: 1.758 Loaded shared library c:\Users\xavie\.vscode\extensions\redhat.java-1.15.0-win32-x64\jre\17.0.6-win32-x86_64\bin\verify.dll
Event: 8.426 Loaded shared library C:\Users\xavie\.vscode\extensions\redhat.java-1.15.0-win32-x64\jre\17.0.6-win32-x86_64\bin\management.dll
Event: 8.431 Loaded shared library C:\Users\xavie\.vscode\extensions\redhat.java-1.15.0-win32-x64\jre\17.0.6-win32-x86_64\bin\management_ext.dll
Event: 11.293 Loaded shared library C:\Users\xavie\.vscode\extensions\redhat.java-1.15.0-win32-x64\jre\17.0.6-win32-x86_64\bin\sunmscapi.dll
Event: 20.497 Loaded shared library C:\Users\xavie\AppData\Local\Temp\snappy-1.1.8-397f557c-38d6-472b-8617-f4b90949a3dd-snappyjava.dll

Deoptimization events (20 events):
Event: 20.306 Thread 0x000001c52d334f00 DEOPT PACKING pc=0x000001c52482966c sp=0x000000a4ebffe530
Event: 20.306 Thread 0x000001c52d334f00 DEOPT UNPACKING pc=0x000001c523847143 sp=0x000000a4ebffda80 mode 0
Event: 20.308 Thread 0x000001c52bd23c90 DEOPT PACKING pc=0x000001c5248481fc sp=0x000000a4ebcfc870
Event: 20.308 Thread 0x000001c52bd23c90 DEOPT UNPACKING pc=0x000001c523847143 sp=0x000000a4ebcfbe08 mode 0
Event: 20.311 Thread 0x000001c52bd23c90 DEOPT PACKING pc=0x000001c52482960c sp=0x000000a4ebcfdc20
Event: 20.311 Thread 0x000001c52bd23c90 DEOPT UNPACKING pc=0x000001c523847143 sp=0x000000a4ebcfd168 mode 0
Event: 20.317 Thread 0x000001c52bd23c90 DEOPT PACKING pc=0x000001c52482966c sp=0x000000a4ebcfdf50
Event: 20.317 Thread 0x000001c52bd23c90 DEOPT UNPACKING pc=0x000001c523847143 sp=0x000000a4ebcfd4a0 mode 0
Event: 20.317 Thread 0x000001c52bd23c90 DEOPT PACKING pc=0x000001c52482966c sp=0x000000a4ebcfe1e0
Event: 20.317 Thread 0x000001c52bd23c90 DEOPT UNPACKING pc=0x000001c523847143 sp=0x000000a4ebcfd730 mode 0
Event: 20.324 Thread 0x000001c52bd23c90 DEOPT PACKING pc=0x000001c52482966c sp=0x000000a4ebcfe510
Event: 20.324 Thread 0x000001c52bd23c90 DEOPT UNPACKING pc=0x000001c523847143 sp=0x000000a4ebcfda60 mode 0
Event: 20.324 Thread 0x000001c52bd23c90 DEOPT PACKING pc=0x000001c52482966c sp=0x000000a4ebcfe810
Event: 20.324 Thread 0x000001c52bd23c90 DEOPT UNPACKING pc=0x000001c523847143 sp=0x000000a4ebcfdd60 mode 0
Event: 87.265 Thread 0x000001c52cbf2650 DEOPT PACKING pc=0x000001c523d7a154 sp=0x000000a4eb9feb70
Event: 87.265 Thread 0x000001c52cbf2650 DEOPT UNPACKING pc=0x000001c523847143 sp=0x000000a4eb9fe018 mode 0
Event: 421.656 Thread 0x000001c52d333bc0 DEOPT PACKING pc=0x000001c523971b20 sp=0x000000a4ecafdc10
Event: 421.656 Thread 0x000001c52d333bc0 DEOPT UNPACKING pc=0x000001c523847143 sp=0x000000a4ecafd090 mode 3
Event: 10355.024 Thread 0x000001c52d3383f0 DEOPT PACKING pc=0x000001c524d9a3d5 sp=0x000000a4ec0fdf10
Event: 10355.026 Thread 0x000001c52d3383f0 DEOPT UNPACKING pc=0x000001c523847143 sp=0x000000a4ec0fd430 mode 3

Classes unloaded (20 events):
Event: 211.368 Thread 0x000001c52b057cb0 Unloading class 0x00000001000d1000 'java/lang/invoke/LambdaForm$MH+0x00000001000d1000'
Event: 211.368 Thread 0x000001c52b057cb0 Unloading class 0x00000001000d0c00 'java/lang/invoke/LambdaForm$MH+0x00000001000d0c00'
Event: 211.368 Thread 0x000001c52b057cb0 Unloading class 0x00000001000d0800 'java/lang/invoke/LambdaForm$MH+0x00000001000d0800'
Event: 211.368 Thread 0x000001c52b057cb0 Unloading class 0x00000001000d0400 'java/lang/invoke/LambdaForm$MH+0x00000001000d0400'
Event: 211.368 Thread 0x000001c52b057cb0 Unloading class 0x00000001000d0000 'java/lang/invoke/LambdaForm$MH+0x00000001000d0000'
Event: 211.368 Thread 0x000001c52b057cb0 Unloading class 0x00000001000cb800 'java/lang/invoke/LambdaForm$MH+0x00000001000cb800'
Event: 211.368 Thread 0x000001c52b057cb0 Unloading class 0x00000001000cb400 'java/lang/invoke/LambdaForm$MH+0x00000001000cb400'
Event: 211.368 Thread 0x000001c52b057cb0 Unloading class 0x00000001000cb000 'java/lang/invoke/LambdaForm$MH+0x00000001000cb000'
Event: 211.368 Thread 0x000001c52b057cb0 Unloading class 0x00000001000cac00 'java/lang/invoke/LambdaForm$MH+0x00000001000cac00'
Event: 211.368 Thread 0x000001c52b057cb0 Unloading class 0x00000001000ca800 'java/lang/invoke/LambdaForm$MH+0x00000001000ca800'
Event: 211.368 Thread 0x000001c52b057cb0 Unloading class 0x00000001000ca400 'java/lang/invoke/LambdaForm$MH+0x00000001000ca400'
Event: 211.368 Thread 0x000001c52b057cb0 Unloading class 0x00000001000c9c00 'java/lang/invoke/LambdaForm$MH+0x00000001000c9c00'
Event: 211.368 Thread 0x000001c52b057cb0 Unloading class 0x00000001000c9400 'java/lang/invoke/LambdaForm$MH+0x00000001000c9400'
Event: 211.368 Thread 0x000001c52b057cb0 Unloading class 0x00000001000c8c00 'java/lang/invoke/LambdaForm$MH+0x00000001000c8c00'
Event: 211.368 Thread 0x000001c52b057cb0 Unloading class 0x00000001000c8400 'java/lang/invoke/LambdaForm$MH+0x00000001000c8400'
Event: 611.573 Thread 0x000001c52b057cb0 Unloading class 0x00000001004bc000 'jdk/internal/reflect/GeneratedConstructorAccessor45'
Event: 611.573 Thread 0x000001c52b057cb0 Unloading class 0x00000001005d0400 'jdk/internal/reflect/GeneratedConstructorAccessor44'
Event: 9754.352 Thread 0x000001c52b057cb0 Unloading class 0x000000010021a800 'java/lang/invoke/LambdaForm$MH+0x000000010021a800'
Event: 9754.352 Thread 0x000001c52b057cb0 Unloading class 0x000000010021b400 'java/lang/invoke/LambdaForm$MH+0x000000010021b400'
Event: 9754.352 Thread 0x000001c52b057cb0 Unloading class 0x000000010034c000 'java/lang/invoke/LambdaForm$MH+0x000000010034c000'

Classes redefined (0 events):
No events

Internal exceptions (20 events):
Event: 10355.204 Thread 0x000001c52d3383f0 Exception <a 'sun/nio/fs/WindowsException'{0x00000000cfca62d8}> (0x00000000cfca62d8) 
thrown [s\src\hotspot\share\prims\jni.cpp, line 516]
Event: 10355.225 Thread 0x000001c52d334090 Exception <a 'java/lang/ArrayIndexOutOfBoundsException'{0x00000000cf0e1cf0}> (0x00000000cf0e1cf0) 
thrown [s\src\hotspot\share\runtime\sharedRuntime.cpp, line 628]
Event: 10356.471 Thread 0x000001c52d334090 Exception <a 'java/lang/ArrayIndexOutOfBoundsException'{0x00000000cb4b7d70}> (0x00000000cb4b7d70) 
thrown [s\src\hotspot\share\runtime\sharedRuntime.cpp, line 628]
Event: 10356.637 Thread 0x000001c52d3383f0 Exception <a 'sun/nio/fs/WindowsException'{0x00000000cbf15b78}> (0x00000000cbf15b78) 
thrown [s\src\hotspot\share\prims\jni.cpp, line 516]
Event: 10356.639 Thread 0x000001c52d3383f0 Exception <a 'sun/nio/fs/WindowsException'{0x00000000cbf17178}> (0x00000000cbf17178) 
thrown [s\src\hotspot\share\prims\jni.cpp, line 516]
Event: 10356.963 Thread 0x000001c52d334560 Exception <a 'java/lang/ArrayIndexOutOfBoundsException'{0x00000000c98bfa80}> (0x00000000c98bfa80) 
thrown [s\src\hotspot\share\runtime\sharedRuntime.cpp, line 628]
Event: 10361.226 Thread 0x000001c52d3383f0 Exception <a 'sun/nio/fs/WindowsException'{0x00000000ce7c26f0}> (0x00000000ce7c26f0) 
thrown [s\src\hotspot\share\prims\jni.cpp, line 516]
Event: 10361.228 Thread 0x000001c52d3383f0 Exception <a 'sun/nio/fs/WindowsException'{0x00000000ce7c3cf0}> (0x00000000ce7c3cf0) 
thrown [s\src\hotspot\share\prims\jni.cpp, line 516]
Event: 10361.514 Thread 0x000001c52d334560 Exception <a 'java/lang/ArrayIndexOutOfBoundsException'{0x00000000cd31be58}> (0x00000000cd31be58) 
thrown [s\src\hotspot\share\runtime\sharedRuntime.cpp, line 628]
Event: 10362.464 Thread 0x000001c52d3383f0 Exception <a 'sun/nio/fs/WindowsException'{0x00000000ca855890}> (0x00000000ca855890) 
thrown [s\src\hotspot\share\prims\jni.cpp, line 516]
Event: 10362.465 Thread 0x000001c52d3383f0 Exception <a 'sun/nio/fs/WindowsException'{0x00000000ca856e90}> (0x00000000ca856e90) 
thrown [s\src\hotspot\share\prims\jni.cpp, line 516]
Event: 10362.868 Thread 0x000001c52d334560 Exception <a 'java/lang/ArrayIndexOutOfBoundsException'{0x00000000c964c668}> (0x00000000c964c668) 
thrown [s\src\hotspot\share\runtime\sharedRuntime.cpp, line 628]
Event: 10363.277 Thread 0x000001c52d337580 Exception <a 'sun/nio/fs/WindowsException'{0x00000000cda00418}> (0x00000000cda00418) 
thrown [s\src\hotspot\share\prims\jni.cpp, line 516]
Event: 10363.279 Thread 0x000001c52d337580 Exception <a 'sun/nio/fs/WindowsException'{0x00000000cda2dae0}> (0x00000000cda2dae0) 
thrown [s\src\hotspot\share\prims\jni.cpp, line 516]
Event: 10363.814 Thread 0x000001c52d3383f0 Exception <a 'sun/nio/fs/WindowsException'{0x00000000cdbeadd8}> (0x00000000cdbeadd8) 
thrown [s\src\hotspot\share\prims\jni.cpp, line 516]
Event: 10363.817 Thread 0x000001c52d3383f0 Exception <a 'sun/nio/fs/WindowsException'{0x00000000cdbec3d8}> (0x00000000cdbec3d8) 
thrown [s\src\hotspot\share\prims\jni.cpp, line 516]
Event: 10363.846 Thread 0x000001c52d333220 Exception <a 'java/lang/ArrayIndexOutOfBoundsException'{0x00000000cc8455a0}> (0x00000000cc8455a0) 
thrown [s\src\hotspot\share\runtime\sharedRuntime.cpp, line 628]
Event: 10369.706 Thread 0x000001c52d3383f0 Exception <a 'sun/nio/fs/WindowsException'{0x00000000cc5ec490}> (0x00000000cc5ec490) 
thrown [s\src\hotspot\share\prims\jni.cpp, line 516]
Event: 10369.707 Thread 0x000001c52d3383f0 Exception <a 'sun/nio/fs/WindowsException'{0x00000000cc5eda90}> (0x00000000cc5eda90) 
thrown [s\src\hotspot\share\prims\jni.cpp, line 516]
Event: 10370.626 Thread 0x000001c52d333220 Exception <a 'java/lang/ArrayIndexOutOfBoundsException'{0x00000000ca4e0140}> (0x00000000ca4e0140) 
thrown [s\src\hotspot\share\runtime\sharedRuntime.cpp, line 628]

VM Operations (20 events):
Event: 10363.077 Executing VM operation: G1CollectForAllocation done
Event: 10365.083 Executing VM operation: Cleanup
Event: 10365.083 Executing VM operation: Cleanup done
Event: 10369.119 Executing VM operation: Cleanup
Event: 10369.119 Executing VM operation: Cleanup done
Event: 10370.128 Executing VM operation: Cleanup
Event: 10370.211 Executing VM operation: Cleanup done
Event: 10370.565 Executing VM operation: HandshakeAllThreads
Event: 10370.565 Executing VM operation: HandshakeAllThreads done
Event: 10370.849 Executing VM operation: G1CollectForAllocation
Event: 10373.456 Executing VM operation: G1CollectForAllocation done
Event: 10373.462 Executing VM operation: G1CollectForAllocation
Event: 10374.180 Executing VM operation: G1CollectForAllocation done
Event: 10374.198 Executing VM operation: G1CollectForAllocation
Event: 10374.249 Executing VM operation: G1CollectForAllocation done
Event: 10374.271 Executing VM operation: G1CollectForAllocation
Event: 10374.514 Executing VM operation: G1CollectForAllocation done
Event: 10374.523 Executing VM operation: G1CollectForAllocation
Event: 10374.580 Executing VM operation: G1CollectForAllocation done
Event: 10374.587 Executing VM operation: G1CollectForAllocation

Events (20 events):
Event: 10178.476 Thread 0x000001c52d2ce4d0 Thread added: 0x000001c52d2ce4d0
Event: 10178.481 loading class java/util/logging/LogRecord
Event: 10178.483 loading class java/util/logging/LogRecord done
Event: 10184.290 Thread 0x000001c52d2ce4d0 Thread exited: 0x000001c52d2ce4d0
Event: 10187.166 Thread 0x000001c52d2c82a0 Thread exited: 0x000001c52d2c82a0
Event: 10214.790 Thread 0x000001c52d337f20 Thread exited: 0x000001c52d337f20
Event: 10214.900 Thread 0x000001c52d334090 Thread exited: 0x000001c52d334090
Event: 10215.153 Thread 0x000001c52d337a50 Thread exited: 0x000001c52d337a50
Event: 10215.201 Thread 0x000001c52d334560 Thread exited: 0x000001c52d334560
Event: 10247.202 Thread 0x000001c52d3383f0 Thread exited: 0x000001c52d3383f0
Event: 10258.547 Thread 0x000001c52d334090 Thread added: 0x000001c52d334090
Event: 10275.215 Thread 0x000001c52d336be0 Thread exited: 0x000001c52d336be0
Event: 10291.341 Thread 0x000001c52d333220 Thread added: 0x000001c52d333220
Event: 10291.346 Thread 0x000001c52d339730 Thread added: 0x000001c52d339730
Event: 10291.915 Thread 0x000001c52d3383f0 Thread added: 0x000001c52d3383f0
Event: 10351.644 Thread 0x000001c52d339730 Thread exited: 0x000001c52d339730
Event: 10356.741 Thread 0x000001c52d334560 Thread added: 0x000001c52d334560
Event: 10373.461 Thread 0x000001c52d337a50 Thread added: 0x000001c52d337a50
Event: 10374.182 Thread 0x000001c52d337f20 Thread added: 0x000001c52d337f20
Event: 10374.247 Thread 0x000001c52d3388c0 Thread added: 0x000001c52d3388c0


Dynamic libraries:
0x00007ff6609e0000 - 0x00007ff6609ee000 	c:\Users\xavie\.vscode\extensions\redhat.java-1.15.0-win32-x64\jre\17.0.6-win32-x86_64\bin\java.exe
0x00007ff8c5990000 - 0x00007ff8c5b88000 	C:\Windows\SYSTEM32\ntdll.dll
0x00007ff8c52f0000 - 0x00007ff8c53af000 	C:\Windows\System32\KERNEL32.DLL
0x00007ff8c3560000 - 0x00007ff8c3832000 	C:\Windows\System32\KERNELBASE.dll
0x00007ff8c3110000 - 0x00007ff8c3210000 	C:\Windows\System32\ucrtbase.dll
0x00007ff8acff0000 - 0x00007ff8ad007000 	c:\Users\xavie\.vscode\extensions\redhat.java-1.15.0-win32-x64\jre\17.0.6-win32-x86_64\bin\jli.dll
0x00007ff8c3f90000 - 0x00007ff8c4131000 	C:\Windows\System32\USER32.dll
0x00007ff8c3890000 - 0x00007ff8c38b2000 	C:\Windows\System32\win32u.dll
0x00007ff8c5880000 - 0x00007ff8c58ab000 	C:\Windows\System32\GDI32.dll
0x00007ff8c38c0000 - 0x00007ff8c39cf000 	C:\Windows\System32\gdi32full.dll
0x00007ff8c32c0000 - 0x00007ff8c335d000 	C:\Windows\System32\msvcp_win.dll
0x00007ff8a3290000 - 0x00007ff8a32a9000 	c:\Users\xavie\.vscode\extensions\redhat.java-1.15.0-win32-x64\jre\17.0.6-win32-x86_64\bin\VCRUNTIME140.dll
0x00007ff8af1e0000 - 0x00007ff8af47a000 	C:\Windows\WinSxS\amd64_microsoft.windows.common-controls_6595b64144ccf1df_6.0.19041.1110_none_60b5254171f9507e\COMCTL32.dll
0x00007ff8c4f60000 - 0x00007ff8c4ffe000 	C:\Windows\System32\msvcrt.dll
0x00007ff8c3f50000 - 0x00007ff8c3f82000 	C:\Windows\System32\IMM32.DLL
0x00007ff8b66b0000 - 0x00007ff8b66bc000 	c:\Users\xavie\.vscode\extensions\redhat.java-1.15.0-win32-x64\jre\17.0.6-win32-x86_64\bin\vcruntime140_1.dll
0x00007ff885790000 - 0x00007ff885821000 	c:\Users\xavie\.vscode\extensions\redhat.java-1.15.0-win32-x64\jre\17.0.6-win32-x86_64\bin\msvcp140.dll
0x00007ff880240000 - 0x00007ff880e87000 	c:\Users\xavie\.vscode\extensions\redhat.java-1.15.0-win32-x64\jre\17.0.6-win32-x86_64\bin\server\jvm.dll
0x00007ff8c3b50000 - 0x00007ff8c3bfe000 	C:\Windows\System32\ADVAPI32.dll
0x00007ff8c58b0000 - 0x00007ff8c594c000 	C:\Windows\System32\sechost.dll
0x00007ff8c4e30000 - 0x00007ff8c4f55000 	C:\Windows\System32\RPCRT4.dll
0x00007ff8b2d30000 - 0x00007ff8b2d39000 	C:\Windows\SYSTEM32\WSOCK32.dll
0x00007ff8c5000000 - 0x00007ff8c506b000 	C:\Windows\System32\WS2_32.dll
0x00007ff8b7880000 - 0x00007ff8b78a7000 	C:\Windows\SYSTEM32\WINMM.dll
0x00007ff8babd0000 - 0x00007ff8babda000 	C:\Windows\SYSTEM32\VERSION.dll
0x00007ff8c0f60000 - 0x00007ff8c0f72000 	C:\Windows\SYSTEM32\kernel.appcore.dll
0x00007ff8b7110000 - 0x00007ff8b711a000 	c:\Users\xavie\.vscode\extensions\redhat.java-1.15.0-win32-x64\jre\17.0.6-win32-x86_64\bin\jimage.dll
0x00007ff8bc770000 - 0x00007ff8bc954000 	C:\Windows\SYSTEM32\DBGHELP.DLL
0x00007ff8afaa0000 - 0x00007ff8afad5000 	C:\Windows\SYSTEM32\dbgcore.DLL
0x00007ff8c3080000 - 0x00007ff8c3102000 	C:\Windows\System32\bcryptPrimitives.dll
0x00007ff8979d0000 - 0x00007ff8979f5000 	c:\Users\xavie\.vscode\extensions\redhat.java-1.15.0-win32-x64\jre\17.0.6-win32-x86_64\bin\java.dll
0x00007ff8a3270000 - 0x00007ff8a3288000 	c:\Users\xavie\.vscode\extensions\redhat.java-1.15.0-win32-x64\jre\17.0.6-win32-x86_64\bin\zip.dll
0x00007ff8c46e0000 - 0x00007ff8c4e25000 	C:\Windows\System32\SHELL32.dll
0x00007ff8c1160000 - 0x00007ff8c18f2000 	C:\Windows\SYSTEM32\windows.storage.dll
0x00007ff8c4250000 - 0x00007ff8c45a5000 	C:\Windows\System32\combase.dll
0x00007ff8c2a00000 - 0x00007ff8c2a30000 	C:\Windows\SYSTEM32\Wldp.dll
0x00007ff8c5110000 - 0x00007ff8c51bd000 	C:\Windows\System32\SHCORE.dll
0x00007ff8c51c0000 - 0x00007ff8c5215000 	C:\Windows\System32\shlwapi.dll
0x00007ff8c2fc0000 - 0x00007ff8c2fdf000 	C:\Windows\SYSTEM32\profapi.dll
0x00007ff889720000 - 0x00007ff889739000 	C:\Users\xavie\.vscode\extensions\redhat.java-1.15.0-win32-x64\jre\17.0.6-win32-x86_64\bin\net.dll
0x00007ff8ba6b0000 - 0x00007ff8ba7bc000 	C:\Windows\SYSTEM32\WINHTTP.dll
0x00007ff8c2760000 - 0x00007ff8c27ca000 	C:\Windows\system32\mswsock.dll
0x00007ff8856c0000 - 0x00007ff8856d5000 	C:\Users\xavie\.vscode\extensions\redhat.java-1.15.0-win32-x64\jre\17.0.6-win32-x86_64\bin\nio.dll
0x00007ff8b2c20000 - 0x00007ff8b2c30000 	c:\Users\xavie\.vscode\extensions\redhat.java-1.15.0-win32-x64\jre\17.0.6-win32-x86_64\bin\verify.dll
0x00007ff8c2960000 - 0x00007ff8c2978000 	C:\Windows\SYSTEM32\CRYPTSP.dll
0x00007ff8c2080000 - 0x00007ff8c20b4000 	C:\Windows\system32\rsaenh.dll
0x00007ff8c34c0000 - 0x00007ff8c34e7000 	C:\Windows\System32\bcrypt.dll
0x00007ff8c2f80000 - 0x00007ff8c2fae000 	C:\Windows\SYSTEM32\USERENV.dll
0x00007ff8c2950000 - 0x00007ff8c295c000 	C:\Windows\SYSTEM32\CRYPTBASE.dll
0x00007ff8c2450000 - 0x00007ff8c248b000 	C:\Windows\SYSTEM32\IPHLPAPI.DLL
0x00007ff8c4150000 - 0x00007ff8c4158000 	C:\Windows\System32\NSI.dll
0x00007ff8bba30000 - 0x00007ff8bba47000 	C:\Windows\SYSTEM32\dhcpcsvc6.DLL
0x00007ff8bb9a0000 - 0x00007ff8bb9bd000 	C:\Windows\SYSTEM32\dhcpcsvc.DLL
0x00007ff8c2490000 - 0x00007ff8c255b000 	C:\Windows\SYSTEM32\DNSAPI.dll
0x00007ff8b3820000 - 0x00007ff8b3829000 	C:\Users\xavie\.vscode\extensions\redhat.java-1.15.0-win32-x64\jre\17.0.6-win32-x86_64\bin\management.dll
0x00007ff8b3810000 - 0x00007ff8b381b000 	C:\Users\xavie\.vscode\extensions\redhat.java-1.15.0-win32-x64\jre\17.0.6-win32-x86_64\bin\management_ext.dll
0x00007ff8c4140000 - 0x00007ff8c4148000 	C:\Windows\System32\PSAPI.DLL
0x00007ff8b3830000 - 0x00007ff8b383e000 	C:\Users\xavie\.vscode\extensions\redhat.java-1.15.0-win32-x64\jre\17.0.6-win32-x86_64\bin\sunmscapi.dll
0x00007ff8c3360000 - 0x00007ff8c34b6000 	C:\Windows\System32\CRYPT32.dll
0x00007ff8c2a70000 - 0x00007ff8c2a97000 	C:\Windows\SYSTEM32\ncrypt.dll
0x00007ff8c2a30000 - 0x00007ff8c2a6b000 	C:\Windows\SYSTEM32\NTASN1.dll
0x00007ff8b3fe0000 - 0x00007ff8b3fea000 	C:\Windows\System32\rasadhlp.dll
0x00007ff8b3f60000 - 0x00007ff8b3fe0000 	C:\Windows\System32\fwpuclnt.dll
0x000000006c500000 - 0x000000006c5c7000 	C:\Users\xavie\AppData\Local\Temp\snappy-1.1.8-397f557c-38d6-472b-8617-f4b90949a3dd-snappyjava.dll

dbghelp: loaded successfully - version: 4.0.5 - missing functions: none
symbol engine: initialized successfully - sym options: 0x614 - pdb path: .;c:\Users\xavie\.vscode\extensions\redhat.java-1.15.0-win32-x64\jre\17.0.6-win32-x86_64\bin;C:\Windows\SYSTEM32;C:\Windows\WinSxS\amd64_microsoft.windows.common-controls_6595b64144ccf1df_6.0.19041.1110_none_60b5254171f9507e;c:\Users\xavie\.vscode\extensions\redhat.java-1.15.0-win32-x64\jre\17.0.6-win32-x86_64\bin\server;C:\Users\xavie\AppData\Local\Temp

VM Arguments:
jvm_args: -XX:+HeapDumpOnOutOfMemoryError -Xmx1024m -Dsts.lsp.client=vscode -Dsts.log.file=/dev/null -XX:TieredStopAtLevel=1 -Xlog:jni+resolve=off -Dspring.config.location=file:c:\Users\xavie\.vscode\extensions\vmware.vscode-spring-boot-1.44.0\language-server\BOOT-INF\classes\application.properties 
java_command: org.springframework.ide.vscode.boot.app.BootLanguageServerBootApp
java_class_path (initial): c:\Users\xavie\.vscode\extensions\vmware.vscode-spring-boot-1.44.0\language-server\BOOT-INF\classes;c:\Users\xavie\.vscode\extensions\vmware.vscode-spring-boot-1.44.0\language-server\BOOT-INF\lib\annotations-24.0.0.jar;c:\Users\xavie\.vscode\extensions\vmware.vscode-spring-boot-1.44.0\language-server\BOOT-INF\lib\ant-1.10.13.jar;c:\Users\xavie\.vscode\extensions\vmware.vscode-spring-boot-1.44.0\language-server\BOOT-INF\lib\ant-launcher-1.10.13.jar;c:\Users\xavie\.vscode\extensions\vmware.vscode-spring-boot-1.44.0\language-server\BOOT-INF\lib\antlr-runtime-3.5.2.jar;c:\Users\xavie\.vscode\extensions\vmware.vscode-spring-boot-1.44.0\language-server\BOOT-INF\lib\antlr4-4.9.3.jar;c:\Users\xavie\.vscode\extensions\vmware.vscode-spring-boot-1.44.0\language-server\BOOT-INF\lib\antlr4-runtime-4.9.3.jar;c:\Users\xavie\.vscode\extensions\vmware.vscode-spring-boot-1.44.0\language-server\BOOT-INF\lib\apiguardian-api-1.1.2.jar;c:\Users\xavie\.vscode\extensions\vmware.vscode-spring-boot-1.44.0\language-server\BOOT-INF\lib\asm-9.4.jar;c:\Users\xavie\.vscode\extensions\vmware.vscode-spring-boot-1.44.0\language-server\BOOT-INF\lib\asm-analysis-9.4.jar;c:\Users\xavie\.vscode\extensions\vmware.vscode-spring-boot-1.44.0\language-server\BOOT-INF\lib\asm-tree-9.4.jar;c:\Users\xavie\.vscode\extensions\vmware.vscode-spring-boot-1.44.0\language-server\BOOT-INF\lib\asm-util-9.4.jar;c:\Users\xavie\.vscode\extensions\vmware.vscode-spring-boot-1.44.0\language-server\BOOT-INF\lib\caffeine-3.1.2.jar;c:\Users\xavie\.vscode\extensions\vmware.vscode-spring-boot-1.44.0\language-server\BOOT-INF\lib\checker-qual-3.12.0.jar;c:\Users\xavie\.vscode\extensions\vmware.vscode-spring-boot-1.44.0\language-server\BOOT-INF\lib\ci-environment-9.1.0.jar;c:\Users\xavie\.vscode\extensions\vmware.vscode-spring-boot-1.44.0\language-server\BOOT-INF\lib\classgraph-4.8.149.jar;c:\Users\xavie\.vscode\extensions\vmware.vscode-spring-boot-1.44.0\language-server\BOOT-INF\lib\commons-codec-1.15.ja
Launcher Type: SUN_STANDARD

[Global flags]
     intx CICompilerCount                          = 3                                         {product} {ergonomic}
     uint ConcGCThreads                            = 1                                         {product} {ergonomic}
     uint G1ConcRefinementThreads                  = 4                                         {product} {ergonomic}
   size_t G1HeapRegionSize                         = 1048576                                   {product} {ergonomic}
    uintx GCDrainStackTargetSize                   = 64                                        {product} {ergonomic}
     bool HeapDumpOnOutOfMemoryError               = true                                   {manageable} {command line}
   size_t InitialHeapSize                          = 100663296                                 {product} {ergonomic}
   size_t MarkStackSize                            = 4194304                                   {product} {ergonomic}
   size_t MaxHeapSize                              = 1073741824                                {product} {command line}
   size_t MaxNewSize                               = 643825664                                 {product} {ergonomic}
   size_t MinHeapDeltaBytes                        = 1048576                                   {product} {ergonomic}
   size_t MinHeapSize                              = 8388608                                   {product} {ergonomic}
    uintx NonProfiledCodeHeapSize                  = 0                                      {pd product} {ergonomic}
     bool ProfileInterpreter                       = false                                  {pd product} {command line}
    uintx ProfiledCodeHeapSize                     = 0                                      {pd product} {ergonomic}
   size_t SoftMaxHeapSize                          = 1073741824                             {manageable} {ergonomic}
     intx TieredStopAtLevel                        = 1                                         {product} {command line}
     bool UseCompressedClassPointers               = true                           {product lp64_product} {ergonomic}
     bool UseCompressedOops                        = true                           {product lp64_product} {ergonomic}
     bool UseG1GC                                  = true                                      {product} {ergonomic}
     bool UseLargePagesIndividualAllocation        = false                                  {pd product} {ergonomic}

Logging:
Log output configuration:
 #0: stdout all=warning,jni+resolve=off uptime,level,tags
 #1: stderr all=off uptime,level,tags

Environment Variables:
JAVA_HOME=C:\Program Files\Java\jdk-11.0.16.1
PATH=C:\Program Files\Common Files\Oracle\Java\javapath;C:\Program Files (x86)\Common Files\Oracle\Java\javapath;C:\ProgramData\Oracle\Java\javapath;C:\Windows\system32;C:\Windows;C:\Windows\System32\Wbem;C:\Windows\System32\WindowsPowerShell\v1.0\;C:\Windows\System32\OpenSSH\;C:\Program Files (x86)\AutoFirma\AutoFirma;C:\Program Files\Git\cmd;C:\Program Files\nodejs\;C:\Program Files\Microsoft SQL Server\130\Tools\Binn\;C:\Users\xavie\AppData\Local\Microsoft\WindowsApps;C:\Users\xavie\AppData\Local\Programs\Microsoft VS Code\bin;C:\Users\xavie\AppData\Local\GitHubDesktop\bin;C:\Users\xavie\AppData\Roaming\npm;C:\Program Files\Java\jdk-11.0.16.1\bin;C:\Users\xavie\Desktop\Xavi\opo auxiliar\apache-maven-3.8.7\bin;
USERNAME=xavie
OS=Windows_NT
PROCESSOR_IDENTIFIER=AMD64 Family 23 Model 24 Stepping 1, AuthenticAMD
TMP=C:\Users\xavie\AppData\Local\Temp
TEMP=C:\Users\xavie\AppData\Local\Temp



---------------  S Y S T E M  ---------------

OS:
 Windows 10 , 64 bit Build 19041 (10.0.19041.2546)
OS uptime: 2 days 22:41 hours

CPU: total 4 (initial active 4) (4 cores per cpu, 1 threads per core) family 23 model 24 stepping 1 microcode 0x0, cx8, cmov, fxsr, mmx, 3dnowpref, sse, sse2, sse3, ssse3, sse4a, sse4.1, sse4.2, popcnt, lzcnt, tsc, tscinvbit, avx, avx2, aes, clmul, bmi1, bmi2, adx, sha, fma, vzeroupper, clflush, clflushopt

Memory: 4k page, system-wide physical 6069M (625M free)
TotalPageFile size 15601M (AvailPageFile size 241M)
current process WorkingSet (physical memory assigned to process): 307M, peak: 754M
current process commit charge ("private bytes"): 452M, peak: 768M

vm_info: OpenJDK 64-Bit Server VM (17.0.6+10) for windows-amd64 JRE (17.0.6+10), built on Jan 18 2023 10:08:59 by "temurin" with MS VC++ 16.7 (VS2019)

END.
